CRITICAL - 2026-04-20 14:42:45 --> CodeIgniter\View\Exceptions\ViewException: Invalid file: "App/.php"
[Method: GET, Route: app]
in SYSTEMPATH/Exceptions/FrameworkException.php on line 39.
 1 SYSTEMPATH/View/View.php(228): CodeIgniter\Exceptions\FrameworkException::forInvalidFile()
 2 SYSTEMPATH/Common.php(1250): CodeIgniter\View\View->render()
 3 APPPATH/Controllers/AppController.php(14): view()
 4 SYSTEMPATH/CodeIgniter.php(951): App\Controllers\AppController->index()
 5 SYSTEMPATH/CodeIgniter.php(497): CodeIgniter\CodeIgniter->runController()
 6 SYSTEMPATH/CodeIgniter.php(340): CodeIgniter\CodeIgniter->handleRequest()
 7 SYSTEMPATH/Boot.php(417): CodeIgniter\CodeIgniter->run()
 8 SYSTEMPATH/Boot.php(68): CodeIgniter\Boot::runCodeIgniter()
 9 FCPATH/index.php(59): CodeIgniter\Boot::bootWeb()
10 SYSTEMPATH/rewrite.php(44): require_once('/home/vncs/Desktop/refebi-data/public/index.php')
CRITICAL - 2026-04-20 14:42:50 --> CodeIgniter\View\Exceptions\ViewException: Invalid file: "App/.php"
[Method: GET, Route: app]
in SYSTEMPATH/Exceptions/FrameworkException.php on line 39.
 1 SYSTEMPATH/View/View.php(228): CodeIgniter\Exceptions\FrameworkException::forInvalidFile()
 2 SYSTEMPATH/Common.php(1250): CodeIgniter\View\View->render()
 3 APPPATH/Controllers/AppController.php(14): view()
 4 SYSTEMPATH/CodeIgniter.php(951): App\Controllers\AppController->index()
 5 SYSTEMPATH/CodeIgniter.php(497): CodeIgniter\CodeIgniter->runController()
 6 SYSTEMPATH/CodeIgniter.php(340): CodeIgniter\CodeIgniter->handleRequest()
 7 SYSTEMPATH/Boot.php(417): CodeIgniter\CodeIgniter->run()
 8 SYSTEMPATH/Boot.php(68): CodeIgniter\Boot::runCodeIgniter()
 9 FCPATH/index.php(59): CodeIgniter\Boot::bootWeb()
10 SYSTEMPATH/rewrite.php(44): require_once('/home/vncs/Desktop/refebi-data/public/index.php')
CRITICAL - 2026-04-20 14:43:02 --> CodeIgniter\View\Exceptions\ViewException: Invalid file: "App/.php"
[Method: GET, Route: app]
in SYSTEMPATH/Exceptions/FrameworkException.php on line 39.
 1 SYSTEMPATH/View/View.php(228): CodeIgniter\Exceptions\FrameworkException::forInvalidFile()
 2 SYSTEMPATH/Common.php(1250): CodeIgniter\View\View->render()
 3 APPPATH/Controllers/AppController.php(14): view()
 4 SYSTEMPATH/CodeIgniter.php(951): App\Controllers\AppController->index()
 5 SYSTEMPATH/CodeIgniter.php(497): CodeIgniter\CodeIgniter->runController()
 6 SYSTEMPATH/CodeIgniter.php(340): CodeIgniter\CodeIgniter->handleRequest()
 7 SYSTEMPATH/Boot.php(417): CodeIgniter\CodeIgniter->run()
 8 SYSTEMPATH/Boot.php(68): CodeIgniter\Boot::runCodeIgniter()
 9 FCPATH/index.php(59): CodeIgniter\Boot::bootWeb()
10 SYSTEMPATH/rewrite.php(44): require_once('/home/vncs/Desktop/refebi-data/public/index.php')
CRITICAL - 2026-04-20 14:43:02 --> CodeIgniter\View\Exceptions\ViewException: Invalid file: "App/.php"
[Method: GET, Route: app]
in SYSTEMPATH/Exceptions/FrameworkException.php on line 39.
 1 SYSTEMPATH/View/View.php(228): CodeIgniter\Exceptions\FrameworkException::forInvalidFile()
 2 SYSTEMPATH/Common.php(1250): CodeIgniter\View\View->render()
 3 APPPATH/Controllers/AppController.php(14): view()
 4 SYSTEMPATH/CodeIgniter.php(951): App\Controllers\AppController->index()
 5 SYSTEMPATH/CodeIgniter.php(497): CodeIgniter\CodeIgniter->runController()
 6 SYSTEMPATH/CodeIgniter.php(340): CodeIgniter\CodeIgniter->handleRequest()
 7 SYSTEMPATH/Boot.php(417): CodeIgniter\CodeIgniter->run()
 8 SYSTEMPATH/Boot.php(68): CodeIgniter\Boot::runCodeIgniter()
 9 FCPATH/index.php(59): CodeIgniter\Boot::bootWeb()
10 SYSTEMPATH/rewrite.php(44): require_once('/home/vncs/Desktop/refebi-data/public/index.php')
CRITICAL - 2026-04-20 14:43:02 --> CodeIgniter\View\Exceptions\ViewException: Invalid file: "App/.php"
[Method: GET, Route: app]
in SYSTEMPATH/Exceptions/FrameworkException.php on line 39.
 1 SYSTEMPATH/View/View.php(228): CodeIgniter\Exceptions\FrameworkException::forInvalidFile()
 2 SYSTEMPATH/Common.php(1250): CodeIgniter\View\View->render()
 3 APPPATH/Controllers/AppController.php(14): view()
 4 SYSTEMPATH/CodeIgniter.php(951): App\Controllers\AppController->index()
 5 SYSTEMPATH/CodeIgniter.php(497): CodeIgniter\CodeIgniter->runController()
 6 SYSTEMPATH/CodeIgniter.php(340): CodeIgniter\CodeIgniter->handleRequest()
 7 SYSTEMPATH/Boot.php(417): CodeIgniter\CodeIgniter->run()
 8 SYSTEMPATH/Boot.php(68): CodeIgniter\Boot::runCodeIgniter()
 9 FCPATH/index.php(59): CodeIgniter\Boot::bootWeb()
10 SYSTEMPATH/rewrite.php(44): require_once('/home/vncs/Desktop/refebi-data/public/index.php')
CRITICAL - 2026-04-20 14:43:03 --> CodeIgniter\View\Exceptions\ViewException: Invalid file: "App/.php"
[Method: GET, Route: app]
in SYSTEMPATH/Exceptions/FrameworkException.php on line 39.
 1 SYSTEMPATH/View/View.php(228): CodeIgniter\Exceptions\FrameworkException::forInvalidFile()
 2 SYSTEMPATH/Common.php(1250): CodeIgniter\View\View->render()
 3 APPPATH/Controllers/AppController.php(14): view()
 4 SYSTEMPATH/CodeIgniter.php(951): App\Controllers\AppController->index()
 5 SYSTEMPATH/CodeIgniter.php(497): CodeIgniter\CodeIgniter->runController()
 6 SYSTEMPATH/CodeIgniter.php(340): CodeIgniter\CodeIgniter->handleRequest()
 7 SYSTEMPATH/Boot.php(417): CodeIgniter\CodeIgniter->run()
 8 SYSTEMPATH/Boot.php(68): CodeIgniter\Boot::runCodeIgniter()
 9 FCPATH/index.php(59): CodeIgniter\Boot::bootWeb()
10 SYSTEMPATH/rewrite.php(44): require_once('/home/vncs/Desktop/refebi-data/public/index.php')
CRITICAL - 2026-04-20 14:43:03 --> CodeIgniter\View\Exceptions\ViewException: Invalid file: "App/.php"
[Method: GET, Route: app]
in SYSTEMPATH/Exceptions/FrameworkException.php on line 39.
 1 SYSTEMPATH/View/View.php(228): CodeIgniter\Exceptions\FrameworkException::forInvalidFile()
 2 SYSTEMPATH/Common.php(1250): CodeIgniter\View\View->render()
 3 APPPATH/Controllers/AppController.php(14): view()
 4 SYSTEMPATH/CodeIgniter.php(951): App\Controllers\AppController->index()
 5 SYSTEMPATH/CodeIgniter.php(497): CodeIgniter\CodeIgniter->runController()
 6 SYSTEMPATH/CodeIgniter.php(340): CodeIgniter\CodeIgniter->handleRequest()
 7 SYSTEMPATH/Boot.php(417): CodeIgniter\CodeIgniter->run()
 8 SYSTEMPATH/Boot.php(68): CodeIgniter\Boot::runCodeIgniter()
 9 FCPATH/index.php(59): CodeIgniter\Boot::bootWeb()
10 SYSTEMPATH/rewrite.php(44): require_once('/home/vncs/Desktop/refebi-data/public/index.php')
CRITICAL - 2026-04-20 14:43:03 --> CodeIgniter\View\Exceptions\ViewException: Invalid file: "App/.php"
[Method: GET, Route: app]
in SYSTEMPATH/Exceptions/FrameworkException.php on line 39.
 1 SYSTEMPATH/View/View.php(228): CodeIgniter\Exceptions\FrameworkException::forInvalidFile()
 2 SYSTEMPATH/Common.php(1250): CodeIgniter\View\View->render()
 3 APPPATH/Controllers/AppController.php(14): view()
 4 SYSTEMPATH/CodeIgniter.php(951): App\Controllers\AppController->index()
 5 SYSTEMPATH/CodeIgniter.php(497): CodeIgniter\CodeIgniter->runController()
 6 SYSTEMPATH/CodeIgniter.php(340): CodeIgniter\CodeIgniter->handleRequest()
 7 SYSTEMPATH/Boot.php(417): CodeIgniter\CodeIgniter->run()
 8 SYSTEMPATH/Boot.php(68): CodeIgniter\Boot::runCodeIgniter()
 9 FCPATH/index.php(59): CodeIgniter\Boot::bootWeb()
10 SYSTEMPATH/rewrite.php(44): require_once('/home/vncs/Desktop/refebi-data/public/index.php')
CRITICAL - 2026-04-20 14:45:10 --> CodeIgniter\View\Exceptions\ViewException: Invalid file: "App/.php"
[Method: GET, Route: app]
in SYSTEMPATH/Exceptions/FrameworkException.php on line 39.
 1 SYSTEMPATH/View/View.php(228): CodeIgniter\Exceptions\FrameworkException::forInvalidFile()
 2 SYSTEMPATH/Common.php(1250): CodeIgniter\View\View->render()
 3 APPPATH/Controllers/AppController.php(14): view()
 4 SYSTEMPATH/CodeIgniter.php(951): App\Controllers\AppController->index()
 5 SYSTEMPATH/CodeIgniter.php(497): CodeIgniter\CodeIgniter->runController()
 6 SYSTEMPATH/CodeIgniter.php(340): CodeIgniter\CodeIgniter->handleRequest()
 7 SYSTEMPATH/Boot.php(417): CodeIgniter\CodeIgniter->run()
 8 SYSTEMPATH/Boot.php(68): CodeIgniter\Boot::runCodeIgniter()
 9 FCPATH/index.php(59): CodeIgniter\Boot::bootWeb()
10 SYSTEMPATH/rewrite.php(44): require_once('/home/vncs/Desktop/refebi-data/public/index.php')
CRITICAL - 2026-04-20 14:48:16 --> CodeIgniter\View\Exceptions\ViewException: Invalid file: "App/.php"
[Method: GET, Route: app]
in SYSTEMPATH/Exceptions/FrameworkException.php on line 39.
 1 SYSTEMPATH/View/View.php(228): CodeIgniter\Exceptions\FrameworkException::forInvalidFile()
 2 SYSTEMPATH/Common.php(1250): CodeIgniter\View\View->render()
 3 APPPATH/Controllers/AppController.php(14): view()
 4 SYSTEMPATH/CodeIgniter.php(951): App\Controllers\AppController->index()
 5 SYSTEMPATH/CodeIgniter.php(497): CodeIgniter\CodeIgniter->runController()
 6 SYSTEMPATH/CodeIgniter.php(340): CodeIgniter\CodeIgniter->handleRequest()
 7 SYSTEMPATH/Boot.php(417): CodeIgniter\CodeIgniter->run()
 8 SYSTEMPATH/Boot.php(68): CodeIgniter\Boot::runCodeIgniter()
 9 FCPATH/index.php(59): CodeIgniter\Boot::bootWeb()
10 SYSTEMPATH/rewrite.php(44): require_once('/home/vncs/Desktop/refebi-data/public/index.php')
CRITICAL - 2026-04-20 14:49:11 --> CodeIgniter\View\Exceptions\ViewException: Invalid file: "App/.php"
[Method: GET, Route: app]
in SYSTEMPATH/Exceptions/FrameworkException.php on line 39.
 1 SYSTEMPATH/View/View.php(228): CodeIgniter\Exceptions\FrameworkException::forInvalidFile()
 2 SYSTEMPATH/Common.php(1250): CodeIgniter\View\View->render()
 3 APPPATH/Controllers/AppController.php(14): view()
 4 SYSTEMPATH/CodeIgniter.php(951): App\Controllers\AppController->index()
 5 SYSTEMPATH/CodeIgniter.php(497): CodeIgniter\CodeIgniter->runController()
 6 SYSTEMPATH/CodeIgniter.php(340): CodeIgniter\CodeIgniter->handleRequest()
 7 SYSTEMPATH/Boot.php(417): CodeIgniter\CodeIgniter->run()
 8 SYSTEMPATH/Boot.php(68): CodeIgniter\Boot::runCodeIgniter()
 9 FCPATH/index.php(59): CodeIgniter\Boot::bootWeb()
10 SYSTEMPATH/rewrite.php(44): require_once('/home/vncs/Desktop/refebi-data/public/index.php')
CRITICAL - 2026-04-20 15:11:45 --> Error: Call to undefined method CodeIgniter\View\View::extended()
[Method: GET, Route: app]
in APPPATH/Views/App/index.php on line 1.
 1 SYSTEMPATH/View/View.php(240): include()
 2 SYSTEMPATH/View/View.php(243): CodeIgniter\View\View->CodeIgniter\View\{closure}()
 3 SYSTEMPATH/Common.php(1250): CodeIgniter\View\View->render()
 4 APPPATH/Controllers/AppController.php(11): view()
 5 SYSTEMPATH/CodeIgniter.php(951): App\Controllers\AppController->index()
 6 SYSTEMPATH/CodeIgniter.php(497): CodeIgniter\CodeIgniter->runController()
 7 SYSTEMPATH/CodeIgniter.php(340): CodeIgniter\CodeIgniter->handleRequest()
 8 SYSTEMPATH/Boot.php(417): CodeIgniter\CodeIgniter->run()
 9 SYSTEMPATH/Boot.php(68): CodeIgniter\Boot::runCodeIgniter()
10 FCPATH/index.php(59): CodeIgniter\Boot::bootWeb()
11 SYSTEMPATH/rewrite.php(44): require_once('/home/vncs/Desktop/refebi-data/public/index.php')
CRITICAL - 2026-04-20 15:11:46 --> Error: Call to undefined method CodeIgniter\View\View::extended()
[Method: GET, Route: app]
in APPPATH/Views/App/index.php on line 1.
 1 SYSTEMPATH/View/View.php(240): include()
 2 SYSTEMPATH/View/View.php(243): CodeIgniter\View\View->CodeIgniter\View\{closure}()
 3 SYSTEMPATH/Common.php(1250): CodeIgniter\View\View->render()
 4 APPPATH/Controllers/AppController.php(11): view()
 5 SYSTEMPATH/CodeIgniter.php(951): App\Controllers\AppController->index()
 6 SYSTEMPATH/CodeIgniter.php(497): CodeIgniter\CodeIgniter->runController()
 7 SYSTEMPATH/CodeIgniter.php(340): CodeIgniter\CodeIgniter->handleRequest()
 8 SYSTEMPATH/Boot.php(417): CodeIgniter\CodeIgniter->run()
 9 SYSTEMPATH/Boot.php(68): CodeIgniter\Boot::runCodeIgniter()
10 FCPATH/index.php(59): CodeIgniter\Boot::bootWeb()
11 SYSTEMPATH/rewrite.php(44): require_once('/home/vncs/Desktop/refebi-data/public/index.php')
CRITICAL - 2026-04-20 15:11:47 --> Error: Call to undefined method CodeIgniter\View\View::extended()
[Method: GET, Route: app]
in APPPATH/Views/App/index.php on line 1.
 1 SYSTEMPATH/View/View.php(240): include()
 2 SYSTEMPATH/View/View.php(243): CodeIgniter\View\View->CodeIgniter\View\{closure}()
 3 SYSTEMPATH/Common.php(1250): CodeIgniter\View\View->render()
 4 APPPATH/Controllers/AppController.php(11): view()
 5 SYSTEMPATH/CodeIgniter.php(951): App\Controllers\AppController->index()
 6 SYSTEMPATH/CodeIgniter.php(497): CodeIgniter\CodeIgniter->runController()
 7 SYSTEMPATH/CodeIgniter.php(340): CodeIgniter\CodeIgniter->handleRequest()
 8 SYSTEMPATH/Boot.php(417): CodeIgniter\CodeIgniter->run()
 9 SYSTEMPATH/Boot.php(68): CodeIgniter\Boot::runCodeIgniter()
10 FCPATH/index.php(59): CodeIgniter\Boot::bootWeb()
11 SYSTEMPATH/rewrite.php(44): require_once('/home/vncs/Desktop/refebi-data/public/index.php')
CRITICAL - 2026-04-20 15:14:20 --> Error: Call to undefined method CodeIgniter\View\View::extended()
[Method: GET, Route: app]
in APPPATH/Views/App/index.php on line 1.
 1 SYSTEMPATH/View/View.php(240): include()
 2 SYSTEMPATH/View/View.php(243): CodeIgniter\View\View->CodeIgniter\View\{closure}()
 3 SYSTEMPATH/Common.php(1250): CodeIgniter\View\View->render()
 4 APPPATH/Controllers/AppController.php(11): view()
 5 SYSTEMPATH/CodeIgniter.php(951): App\Controllers\AppController->index()
 6 SYSTEMPATH/CodeIgniter.php(497): CodeIgniter\CodeIgniter->runController()
 7 SYSTEMPATH/CodeIgniter.php(340): CodeIgniter\CodeIgniter->handleRequest()
 8 SYSTEMPATH/Boot.php(417): CodeIgniter\CodeIgniter->run()
 9 SYSTEMPATH/Boot.php(68): CodeIgniter\Boot::runCodeIgniter()
10 FCPATH/index.php(59): CodeIgniter\Boot::bootWeb()
11 SYSTEMPATH/rewrite.php(44): require_once('/home/vncs/Desktop/refebi-data/public/index.php')
CRITICAL - 2026-04-20 15:14:20 --> Error: Call to undefined method CodeIgniter\View\View::extended()
[Method: GET, Route: app]
in APPPATH/Views/App/index.php on line 1.
 1 SYSTEMPATH/View/View.php(240): include()
 2 SYSTEMPATH/View/View.php(243): CodeIgniter\View\View->CodeIgniter\View\{closure}()
 3 SYSTEMPATH/Common.php(1250): CodeIgniter\View\View->render()
 4 APPPATH/Controllers/AppController.php(11): view()
 5 SYSTEMPATH/CodeIgniter.php(951): App\Controllers\AppController->index()
 6 SYSTEMPATH/CodeIgniter.php(497): CodeIgniter\CodeIgniter->runController()
 7 SYSTEMPATH/CodeIgniter.php(340): CodeIgniter\CodeIgniter->handleRequest()
 8 SYSTEMPATH/Boot.php(417): CodeIgniter\CodeIgniter->run()
 9 SYSTEMPATH/Boot.php(68): CodeIgniter\Boot::runCodeIgniter()
10 FCPATH/index.php(59): CodeIgniter\Boot::bootWeb()
11 SYSTEMPATH/rewrite.php(44): require_once('/home/vncs/Desktop/refebi-data/public/index.php')
CRITICAL - 2026-04-20 15:14:21 --> Error: Call to undefined method CodeIgniter\View\View::extended()
[Method: GET, Route: app]
in APPPATH/Views/App/index.php on line 1.
 1 SYSTEMPATH/View/View.php(240): include()
 2 SYSTEMPATH/View/View.php(243): CodeIgniter\View\View->CodeIgniter\View\{closure}()
 3 SYSTEMPATH/Common.php(1250): CodeIgniter\View\View->render()
 4 APPPATH/Controllers/AppController.php(11): view()
 5 SYSTEMPATH/CodeIgniter.php(951): App\Controllers\AppController->index()
 6 SYSTEMPATH/CodeIgniter.php(497): CodeIgniter\CodeIgniter->runController()
 7 SYSTEMPATH/CodeIgniter.php(340): CodeIgniter\CodeIgniter->handleRequest()
 8 SYSTEMPATH/Boot.php(417): CodeIgniter\CodeIgniter->run()
 9 SYSTEMPATH/Boot.php(68): CodeIgniter\Boot::runCodeIgniter()
10 FCPATH/index.php(59): CodeIgniter\Boot::bootWeb()
11 SYSTEMPATH/rewrite.php(44): require_once('/home/vncs/Desktop/refebi-data/public/index.php')
CRITICAL - 2026-04-20 15:14:21 --> Error: Call to undefined method CodeIgniter\View\View::extended()
[Method: GET, Route: app]
in APPPATH/Views/App/index.php on line 1.
 1 SYSTEMPATH/View/View.php(240): include()
 2 SYSTEMPATH/View/View.php(243): CodeIgniter\View\View->CodeIgniter\View\{closure}()
 3 SYSTEMPATH/Common.php(1250): CodeIgniter\View\View->render()
 4 APPPATH/Controllers/AppController.php(11): view()
 5 SYSTEMPATH/CodeIgniter.php(951): App\Controllers\AppController->index()
 6 SYSTEMPATH/CodeIgniter.php(497): CodeIgniter\CodeIgniter->runController()
 7 SYSTEMPATH/CodeIgniter.php(340): CodeIgniter\CodeIgniter->handleRequest()
 8 SYSTEMPATH/Boot.php(417): CodeIgniter\CodeIgniter->run()
 9 SYSTEMPATH/Boot.php(68): CodeIgniter\Boot::runCodeIgniter()
10 FCPATH/index.php(59): CodeIgniter\Boot::bootWeb()
11 SYSTEMPATH/rewrite.php(44): require_once('/home/vncs/Desktop/refebi-data/public/index.php')
CRITICAL - 2026-04-20 15:14:21 --> Error: Call to undefined method CodeIgniter\View\View::extended()
[Method: GET, Route: app]
in APPPATH/Views/App/index.php on line 1.
 1 SYSTEMPATH/View/View.php(240): include()
 2 SYSTEMPATH/View/View.php(243): CodeIgniter\View\View->CodeIgniter\View\{closure}()
 3 SYSTEMPATH/Common.php(1250): CodeIgniter\View\View->render()
 4 APPPATH/Controllers/AppController.php(11): view()
 5 SYSTEMPATH/CodeIgniter.php(951): App\Controllers\AppController->index()
 6 SYSTEMPATH/CodeIgniter.php(497): CodeIgniter\CodeIgniter->runController()
 7 SYSTEMPATH/CodeIgniter.php(340): CodeIgniter\CodeIgniter->handleRequest()
 8 SYSTEMPATH/Boot.php(417): CodeIgniter\CodeIgniter->run()
 9 SYSTEMPATH/Boot.php(68): CodeIgniter\Boot::runCodeIgniter()
10 FCPATH/index.php(59): CodeIgniter\Boot::bootWeb()
11 SYSTEMPATH/rewrite.php(44): require_once('/home/vncs/Desktop/refebi-data/public/index.php')
CRITICAL - 2026-04-20 15:14:21 --> Error: Call to undefined method CodeIgniter\View\View::extended()
[Method: GET, Route: app]
in APPPATH/Views/App/index.php on line 1.
 1 SYSTEMPATH/View/View.php(240): include()
 2 SYSTEMPATH/View/View.php(243): CodeIgniter\View\View->CodeIgniter\View\{closure}()
 3 SYSTEMPATH/Common.php(1250): CodeIgniter\View\View->render()
 4 APPPATH/Controllers/AppController.php(11): view()
 5 SYSTEMPATH/CodeIgniter.php(951): App\Controllers\AppController->index()
 6 SYSTEMPATH/CodeIgniter.php(497): CodeIgniter\CodeIgniter->runController()
 7 SYSTEMPATH/CodeIgniter.php(340): CodeIgniter\CodeIgniter->handleRequest()
 8 SYSTEMPATH/Boot.php(417): CodeIgniter\CodeIgniter->run()
 9 SYSTEMPATH/Boot.php(68): CodeIgniter\Boot::runCodeIgniter()
10 FCPATH/index.php(59): CodeIgniter\Boot::bootWeb()
11 SYSTEMPATH/rewrite.php(44): require_once('/home/vncs/Desktop/refebi-data/public/index.php')
CRITICAL - 2026-04-20 15:14:56 --> Error: Call to undefined method CodeIgniter\View\View::extended()
[Method: GET, Route: app]
in APPPATH/Views/App/index.php on line 1.
 1 SYSTEMPATH/View/View.php(240): include()
 2 SYSTEMPATH/View/View.php(243): CodeIgniter\View\View->CodeIgniter\View\{closure}()
 3 SYSTEMPATH/Common.php(1250): CodeIgniter\View\View->render()
 4 APPPATH/Controllers/AppController.php(11): view()
 5 SYSTEMPATH/CodeIgniter.php(951): App\Controllers\AppController->index()
 6 SYSTEMPATH/CodeIgniter.php(497): CodeIgniter\CodeIgniter->runController()
 7 SYSTEMPATH/CodeIgniter.php(340): CodeIgniter\CodeIgniter->handleRequest()
 8 SYSTEMPATH/Boot.php(417): CodeIgniter\CodeIgniter->run()
 9 SYSTEMPATH/Boot.php(68): CodeIgniter\Boot::runCodeIgniter()
10 FCPATH/index.php(59): CodeIgniter\Boot::bootWeb()
11 SYSTEMPATH/rewrite.php(44): require_once('/home/vncs/Desktop/refebi-data/public/index.php')
CRITICAL - 2026-04-20 15:14:56 --> Error: Call to undefined method CodeIgniter\View\View::extended()
[Method: GET, Route: app]
in APPPATH/Views/App/index.php on line 1.
 1 SYSTEMPATH/View/View.php(240): include()
 2 SYSTEMPATH/View/View.php(243): CodeIgniter\View\View->CodeIgniter\View\{closure}()
 3 SYSTEMPATH/Common.php(1250): CodeIgniter\View\View->render()
 4 APPPATH/Controllers/AppController.php(11): view()
 5 SYSTEMPATH/CodeIgniter.php(951): App\Controllers\AppController->index()
 6 SYSTEMPATH/CodeIgniter.php(497): CodeIgniter\CodeIgniter->runController()
 7 SYSTEMPATH/CodeIgniter.php(340): CodeIgniter\CodeIgniter->handleRequest()
 8 SYSTEMPATH/Boot.php(417): CodeIgniter\CodeIgniter->run()
 9 SYSTEMPATH/Boot.php(68): CodeIgniter\Boot::runCodeIgniter()
10 FCPATH/index.php(59): CodeIgniter\Boot::bootWeb()
11 SYSTEMPATH/rewrite.php(44): require_once('/home/vncs/Desktop/refebi-data/public/index.php')
CRITICAL - 2026-04-20 15:14:56 --> Error: Call to undefined method CodeIgniter\View\View::extended()
[Method: GET, Route: app]
in APPPATH/Views/App/index.php on line 1.
 1 SYSTEMPATH/View/View.php(240): include()
 2 SYSTEMPATH/View/View.php(243): CodeIgniter\View\View->CodeIgniter\View\{closure}()
 3 SYSTEMPATH/Common.php(1250): CodeIgniter\View\View->render()
 4 APPPATH/Controllers/AppController.php(11): view()
 5 SYSTEMPATH/CodeIgniter.php(951): App\Controllers\AppController->index()
 6 SYSTEMPATH/CodeIgniter.php(497): CodeIgniter\CodeIgniter->runController()
 7 SYSTEMPATH/CodeIgniter.php(340): CodeIgniter\CodeIgniter->handleRequest()
 8 SYSTEMPATH/Boot.php(417): CodeIgniter\CodeIgniter->run()
 9 SYSTEMPATH/Boot.php(68): CodeIgniter\Boot::runCodeIgniter()
10 FCPATH/index.php(59): CodeIgniter\Boot::bootWeb()
11 SYSTEMPATH/rewrite.php(44): require_once('/home/vncs/Desktop/refebi-data/public/index.php')
CRITICAL - 2026-04-20 15:14:56 --> Error: Call to undefined method CodeIgniter\View\View::extended()
[Method: GET, Route: app]
in APPPATH/Views/App/index.php on line 1.
 1 SYSTEMPATH/View/View.php(240): include()
 2 SYSTEMPATH/View/View.php(243): CodeIgniter\View\View->CodeIgniter\View\{closure}()
 3 SYSTEMPATH/Common.php(1250): CodeIgniter\View\View->render()
 4 APPPATH/Controllers/AppController.php(11): view()
 5 SYSTEMPATH/CodeIgniter.php(951): App\Controllers\AppController->index()
 6 SYSTEMPATH/CodeIgniter.php(497): CodeIgniter\CodeIgniter->runController()
 7 SYSTEMPATH/CodeIgniter.php(340): CodeIgniter\CodeIgniter->handleRequest()
 8 SYSTEMPATH/Boot.php(417): CodeIgniter\CodeIgniter->run()
 9 SYSTEMPATH/Boot.php(68): CodeIgniter\Boot::runCodeIgniter()
10 FCPATH/index.php(59): CodeIgniter\Boot::bootWeb()
11 SYSTEMPATH/rewrite.php(44): require_once('/home/vncs/Desktop/refebi-data/public/index.php')
CRITICAL - 2026-04-20 16:34:00 --> CodeIgniter\View\Exceptions\ViewException: Invalid file: "Home/index.php"
[Method: GET, Route: /]
in SYSTEMPATH/Exceptions/FrameworkException.php on line 39.
 1 SYSTEMPATH/View/View.php(228): CodeIgniter\Exceptions\FrameworkException::forInvalidFile()
 2 SYSTEMPATH/Common.php(1250): CodeIgniter\View\View->render()
 3 APPPATH/Controllers/Home.php(14): view()
 4 SYSTEMPATH/CodeIgniter.php(951): App\Controllers\Home->index()
 5 SYSTEMPATH/CodeIgniter.php(497): CodeIgniter\CodeIgniter->runController()
 6 SYSTEMPATH/CodeIgniter.php(340): CodeIgniter\CodeIgniter->handleRequest()
 7 SYSTEMPATH/Boot.php(417): CodeIgniter\CodeIgniter->run()
 8 SYSTEMPATH/Boot.php(68): CodeIgniter\Boot::runCodeIgniter()
 9 FCPATH/index.php(59): CodeIgniter\Boot::bootWeb()
10 SYSTEMPATH/rewrite.php(44): require_once('/home/vncs/Desktop/refebi-data/public/index.php')
ERROR - 2026-04-20 19:07:35 --> Unknown column 'atualizado_em' in 'field list'
in SYSTEMPATH/Database/MySQLi/Connection.php on line 300.
 1 SYSTEMPATH/Database/MySQLi/Connection.php(300): mysqli->query()
 2 SYSTEMPATH/Database/BaseConnection.php(910): CodeIgniter\Database\MySQLi\Connection->execute()
 3 SYSTEMPATH/Database/BaseConnection.php(827): CodeIgniter\Database\BaseConnection->simpleQuery()
 4 SYSTEMPATH/Database/BaseBuilder.php(1841): CodeIgniter\Database\BaseConnection->query()
 5 SYSTEMPATH/Database/BaseBuilder.php(2230): CodeIgniter\Database\BaseBuilder->batchExecute()
 6 APPPATH/Database/Seeds/UsuarioSeeder.php(29): CodeIgniter\Database\BaseBuilder->insertBatch()
 7 SYSTEMPATH/Database/Seeder.php(155): App\Database\Seeds\UsuarioSeeder->run()
 8 SYSTEMPATH/Commands/Database/Seed.php(79): CodeIgniter\Database\Seeder->call()
 9 SYSTEMPATH/CLI/Commands.php(74): CodeIgniter\Commands\Database\Seed->run()
10 SYSTEMPATH/CLI/Console.php(47): CodeIgniter\CLI\Commands->run()
11 SYSTEMPATH/Boot.php(442): CodeIgniter\CLI\Console->run()
12 SYSTEMPATH/Boot.php(166): CodeIgniter\Boot::runCommand()
13 ROOTPATH/spark(87): CodeIgniter\Boot::bootSpark()
CRITICAL - 2026-04-20 19:48:02 --> ParseError: syntax error, unexpected token "<", expecting end of file
[Method: GET, Route: admin/usuarios]
in APPPATH/Views/Admin/Usuarios/index.php on line 12.
 1 SYSTEMPATH/View/View.php(243): CodeIgniter\View\View->CodeIgniter\View\{closure}()
 2 SYSTEMPATH/Common.php(1250): CodeIgniter\View\View->render()
 3 APPPATH/Controllers/Admin/Usuarios.php(25): view()
 4 SYSTEMPATH/CodeIgniter.php(951): App\Controllers\Admin\Usuarios->index()
 5 SYSTEMPATH/CodeIgniter.php(497): CodeIgniter\CodeIgniter->runController()
 6 SYSTEMPATH/CodeIgniter.php(340): CodeIgniter\CodeIgniter->handleRequest()
 7 SYSTEMPATH/Boot.php(417): CodeIgniter\CodeIgniter->run()
 8 SYSTEMPATH/Boot.php(68): CodeIgniter\Boot::runCodeIgniter()
 9 FCPATH/index.php(59): CodeIgniter\Boot::bootWeb()
10 SYSTEMPATH/rewrite.php(44): require_once('/home/vncs/Desktop/refebi-data/public/index.php')
CRITICAL - 2026-04-20 19:53:12 --> ParseError: syntax error, unexpected token ">", expecting "("
[Method: GET, Route: admin/usuarios]
in APPPATH/Views/Admin/Usuarios/index.php on line 24.
 1 SYSTEMPATH/View/View.php(243): CodeIgniter\View\View->CodeIgniter\View\{closure}()
 2 SYSTEMPATH/Common.php(1250): CodeIgniter\View\View->render()
 3 APPPATH/Controllers/Admin/Usuarios.php(25): view()
 4 SYSTEMPATH/CodeIgniter.php(951): App\Controllers\Admin\Usuarios->index()
 5 SYSTEMPATH/CodeIgniter.php(497): CodeIgniter\CodeIgniter->runController()
 6 SYSTEMPATH/CodeIgniter.php(340): CodeIgniter\CodeIgniter->handleRequest()
 7 SYSTEMPATH/Boot.php(417): CodeIgniter\CodeIgniter->run()
 8 SYSTEMPATH/Boot.php(68): CodeIgniter\Boot::runCodeIgniter()
 9 FCPATH/index.php(59): CodeIgniter\Boot::bootWeb()
10 SYSTEMPATH/rewrite.php(44): require_once('/home/vncs/Desktop/refebi-data/public/index.php')
CRITICAL - 2026-04-20 19:54:44 --> ParseError: syntax error, unexpected token "/"
[Method: GET, Route: admin/usuarios]
in APPPATH/Views/Admin/Usuarios/index.php on line 26.
 1 SYSTEMPATH/View/View.php(243): CodeIgniter\View\View->CodeIgniter\View\{closure}()
 2 SYSTEMPATH/Common.php(1250): CodeIgniter\View\View->render()
 3 APPPATH/Controllers/Admin/Usuarios.php(25): view()
 4 SYSTEMPATH/CodeIgniter.php(951): App\Controllers\Admin\Usuarios->index()
 5 SYSTEMPATH/CodeIgniter.php(497): CodeIgniter\CodeIgniter->runController()
 6 SYSTEMPATH/CodeIgniter.php(340): CodeIgniter\CodeIgniter->handleRequest()
 7 SYSTEMPATH/Boot.php(417): CodeIgniter\CodeIgniter->run()
 8 SYSTEMPATH/Boot.php(68): CodeIgniter\Boot::runCodeIgniter()
 9 FCPATH/index.php(59): CodeIgniter\Boot::bootWeb()
10 SYSTEMPATH/rewrite.php(44): require_once('/home/vncs/Desktop/refebi-data/public/index.php')
CRITICAL - 2026-04-20 19:55:00 --> Error: Object of class stdClass could not be converted to string
[Method: GET, Route: admin/usuarios]
in APPPATH/Views/Admin/Usuarios/index.php on line 27.
 1 SYSTEMPATH/View/View.php(240): include()
 2 SYSTEMPATH/View/View.php(243): CodeIgniter\View\View->CodeIgniter\View\{closure}()
 3 SYSTEMPATH/Common.php(1250): CodeIgniter\View\View->render()
 4 APPPATH/Controllers/Admin/Usuarios.php(25): view()
 5 SYSTEMPATH/CodeIgniter.php(951): App\Controllers\Admin\Usuarios->index()
 6 SYSTEMPATH/CodeIgniter.php(497): CodeIgniter\CodeIgniter->runController()
 7 SYSTEMPATH/CodeIgniter.php(340): CodeIgniter\CodeIgniter->handleRequest()
 8 SYSTEMPATH/Boot.php(417): CodeIgniter\CodeIgniter->run()
 9 SYSTEMPATH/Boot.php(68): CodeIgniter\Boot::runCodeIgniter()
10 FCPATH/index.php(59): CodeIgniter\Boot::bootWeb()
11 SYSTEMPATH/rewrite.php(44): require_once('/home/vncs/Desktop/refebi-data/public/index.php')
CRITICAL - 2026-04-20 19:55:48 --> ParseError: syntax error, unexpected token ";"
[Method: GET, Route: admin/usuarios]
in APPPATH/Views/Admin/Usuarios/index.php on line 30.
 1 SYSTEMPATH/View/View.php(243): CodeIgniter\View\View->CodeIgniter\View\{closure}()
 2 SYSTEMPATH/Common.php(1250): CodeIgniter\View\View->render()
 3 APPPATH/Controllers/Admin/Usuarios.php(25): view()
 4 SYSTEMPATH/CodeIgniter.php(951): App\Controllers\Admin\Usuarios->index()
 5 SYSTEMPATH/CodeIgniter.php(497): CodeIgniter\CodeIgniter->runController()
 6 SYSTEMPATH/CodeIgniter.php(340): CodeIgniter\CodeIgniter->handleRequest()
 7 SYSTEMPATH/Boot.php(417): CodeIgniter\CodeIgniter->run()
 8 SYSTEMPATH/Boot.php(68): CodeIgniter\Boot::runCodeIgniter()
 9 FCPATH/index.php(59): CodeIgniter\Boot::bootWeb()
10 SYSTEMPATH/rewrite.php(44): require_once('/home/vncs/Desktop/refebi-data/public/index.php')
CRITICAL - 2026-04-20 21:04:47 --> CodeIgniter\Exceptions\BadMethodCallException: Call to undefined method App\Models\UsuarioModel::procurar
[Method: GET, Route: admin/usuarios/procurar]
in SYSTEMPATH/Model.php on line 761.
 1 APPPATH/Controllers/Admin/Usuarios.php(35): CodeIgniter\Model->__call()
 2 SYSTEMPATH/CodeIgniter.php(951): App\Controllers\Admin\Usuarios->procurar()
 3 SYSTEMPATH/CodeIgniter.php(497): CodeIgniter\CodeIgniter->runController()
 4 SYSTEMPATH/CodeIgniter.php(340): CodeIgniter\CodeIgniter->handleRequest()
 5 SYSTEMPATH/Boot.php(417): CodeIgniter\CodeIgniter->run()
 6 SYSTEMPATH/Boot.php(68): CodeIgniter\Boot::runCodeIgniter()
 7 FCPATH/index.php(59): CodeIgniter\Boot::bootWeb()
 8 SYSTEMPATH/rewrite.php(44): require_once('/home/vncs/Desktop/refebi-data/public/index.php')
CRITICAL - 2026-04-20 21:09:26 --> ParseError: syntax error, unexpected token "}", expecting ";"
[Method: GET, Route: admin/usuarios]
in APPPATH/Models/UsuarioModel.php on line 24.
 1 SYSTEMPATH/Autoloader/Autoloader.php(295): CodeIgniter\Autoloader\Autoloader->includeFile()
 2 SYSTEMPATH/Autoloader/Autoloader.php(271): CodeIgniter\Autoloader\Autoloader->loadInNamespace()
 3 APPPATH/Controllers/Admin/Usuarios.php(13): CodeIgniter\Autoloader\Autoloader->loadClass()
 4 SYSTEMPATH/CodeIgniter.php(921): App\Controllers\Admin\Usuarios->__construct()
 5 SYSTEMPATH/CodeIgniter.php(488): CodeIgniter\CodeIgniter->createController()
 6 SYSTEMPATH/CodeIgniter.php(340): CodeIgniter\CodeIgniter->handleRequest()
 7 SYSTEMPATH/Boot.php(417): CodeIgniter\CodeIgniter->run()
 8 SYSTEMPATH/Boot.php(68): CodeIgniter\Boot::runCodeIgniter()
 9 FCPATH/index.php(59): CodeIgniter\Boot::bootWeb()
10 SYSTEMPATH/rewrite.php(44): require_once('/home/vncs/Desktop/refebi-data/public/index.php')
CRITICAL - 2026-04-20 21:09:31 --> ParseError: syntax error, unexpected token "}", expecting ";"
[Method: GET, Route: admin/usuarios]
in APPPATH/Models/UsuarioModel.php on line 24.
 1 SYSTEMPATH/Autoloader/Autoloader.php(295): CodeIgniter\Autoloader\Autoloader->includeFile()
 2 SYSTEMPATH/Autoloader/Autoloader.php(271): CodeIgniter\Autoloader\Autoloader->loadInNamespace()
 3 APPPATH/Controllers/Admin/Usuarios.php(13): CodeIgniter\Autoloader\Autoloader->loadClass()
 4 SYSTEMPATH/CodeIgniter.php(921): App\Controllers\Admin\Usuarios->__construct()
 5 SYSTEMPATH/CodeIgniter.php(488): CodeIgniter\CodeIgniter->createController()
 6 SYSTEMPATH/CodeIgniter.php(340): CodeIgniter\CodeIgniter->handleRequest()
 7 SYSTEMPATH/Boot.php(417): CodeIgniter\CodeIgniter->run()
 8 SYSTEMPATH/Boot.php(68): CodeIgniter\Boot::runCodeIgniter()
 9 FCPATH/index.php(59): CodeIgniter\Boot::bootWeb()
10 SYSTEMPATH/rewrite.php(44): require_once('/home/vncs/Desktop/refebi-data/public/index.php')
CRITICAL - 2026-04-20 21:09:39 --> ParseError: syntax error, unexpected token "}", expecting ";"
[Method: GET, Route: admin/usuarios]
in APPPATH/Models/UsuarioModel.php on line 24.
 1 SYSTEMPATH/Autoloader/Autoloader.php(295): CodeIgniter\Autoloader\Autoloader->includeFile()
 2 SYSTEMPATH/Autoloader/Autoloader.php(271): CodeIgniter\Autoloader\Autoloader->loadInNamespace()
 3 APPPATH/Controllers/Admin/Usuarios.php(13): CodeIgniter\Autoloader\Autoloader->loadClass()
 4 SYSTEMPATH/CodeIgniter.php(921): App\Controllers\Admin\Usuarios->__construct()
 5 SYSTEMPATH/CodeIgniter.php(488): CodeIgniter\CodeIgniter->createController()
 6 SYSTEMPATH/CodeIgniter.php(340): CodeIgniter\CodeIgniter->handleRequest()
 7 SYSTEMPATH/Boot.php(417): CodeIgniter\CodeIgniter->run()
 8 SYSTEMPATH/Boot.php(68): CodeIgniter\Boot::runCodeIgniter()
 9 FCPATH/index.php(59): CodeIgniter\Boot::bootWeb()
10 SYSTEMPATH/rewrite.php(44): require_once('/home/vncs/Desktop/refebi-data/public/index.php')
CRITICAL - 2026-04-20 18:59:53 --> CodeIgniter\View\Exceptions\ViewException: Arquivo inválido: "Admin/Usuarios/show.php"
[Method: GET, Route: admin/usuarios/show/1]
in SYSTEMPATH/Exceptions/FrameworkException.php on line 39.
 1 SYSTEMPATH/View/View.php(228): CodeIgniter\Exceptions\FrameworkException::forInvalidFile()
 2 SYSTEMPATH/Common.php(1250): CodeIgniter\View\View->render()
 3 APPPATH/Controllers/Admin/Usuarios.php(63): view()
 4 SYSTEMPATH/CodeIgniter.php(951): App\Controllers\Admin\Usuarios->show()
 5 SYSTEMPATH/CodeIgniter.php(497): CodeIgniter\CodeIgniter->runController()
 6 SYSTEMPATH/CodeIgniter.php(340): CodeIgniter\CodeIgniter->handleRequest()
 7 SYSTEMPATH/Boot.php(417): CodeIgniter\CodeIgniter->run()
 8 SYSTEMPATH/Boot.php(68): CodeIgniter\Boot::runCodeIgniter()
 9 FCPATH/index.php(59): CodeIgniter\Boot::bootWeb()
10 SYSTEMPATH/rewrite.php(44): require_once('/home/vncs/Desktop/refebi-data/public/index.php')
CRITICAL - 2026-04-20 18:59:57 --> CodeIgniter\View\Exceptions\ViewException: Arquivo inválido: "Admin/Usuarios/show.php"
[Method: GET, Route: admin/usuarios/show/1]
in SYSTEMPATH/Exceptions/FrameworkException.php on line 39.
 1 SYSTEMPATH/View/View.php(228): CodeIgniter\Exceptions\FrameworkException::forInvalidFile()
 2 SYSTEMPATH/Common.php(1250): CodeIgniter\View\View->render()
 3 APPPATH/Controllers/Admin/Usuarios.php(63): view()
 4 SYSTEMPATH/CodeIgniter.php(951): App\Controllers\Admin\Usuarios->show()
 5 SYSTEMPATH/CodeIgniter.php(497): CodeIgniter\CodeIgniter->runController()
 6 SYSTEMPATH/CodeIgniter.php(340): CodeIgniter\CodeIgniter->handleRequest()
 7 SYSTEMPATH/Boot.php(417): CodeIgniter\CodeIgniter->run()
 8 SYSTEMPATH/Boot.php(68): CodeIgniter\Boot::runCodeIgniter()
 9 FCPATH/index.php(59): CodeIgniter\Boot::bootWeb()
10 SYSTEMPATH/rewrite.php(44): require_once('/home/vncs/Desktop/refebi-data/public/index.php')
CRITICAL - 2026-04-20 19:00:22 --> CodeIgniter\View\Exceptions\ViewException: Arquivo inválido: "Admin/Usuarios/show.php"
[Method: GET, Route: admin/usuarios/show/1]
in SYSTEMPATH/Exceptions/FrameworkException.php on line 39.
 1 SYSTEMPATH/View/View.php(228): CodeIgniter\Exceptions\FrameworkException::forInvalidFile()
 2 SYSTEMPATH/Common.php(1250): CodeIgniter\View\View->render()
 3 APPPATH/Controllers/Admin/Usuarios.php(63): view()
 4 SYSTEMPATH/CodeIgniter.php(951): App\Controllers\Admin\Usuarios->show()
 5 SYSTEMPATH/CodeIgniter.php(497): CodeIgniter\CodeIgniter->runController()
 6 SYSTEMPATH/CodeIgniter.php(340): CodeIgniter\CodeIgniter->handleRequest()
 7 SYSTEMPATH/Boot.php(417): CodeIgniter\CodeIgniter->run()
 8 SYSTEMPATH/Boot.php(68): CodeIgniter\Boot::runCodeIgniter()
 9 FCPATH/index.php(59): CodeIgniter\Boot::bootWeb()
10 SYSTEMPATH/rewrite.php(44): require_once('/home/vncs/Desktop/refebi-data/public/index.php')
CRITICAL - 2026-04-20 19:00:22 --> CodeIgniter\View\Exceptions\ViewException: Arquivo inválido: "Admin/Usuarios/show.php"
[Method: GET, Route: admin/usuarios/show/1]
in SYSTEMPATH/Exceptions/FrameworkException.php on line 39.
 1 SYSTEMPATH/View/View.php(228): CodeIgniter\Exceptions\FrameworkException::forInvalidFile()
 2 SYSTEMPATH/Common.php(1250): CodeIgniter\View\View->render()
 3 APPPATH/Controllers/Admin/Usuarios.php(63): view()
 4 SYSTEMPATH/CodeIgniter.php(951): App\Controllers\Admin\Usuarios->show()
 5 SYSTEMPATH/CodeIgniter.php(497): CodeIgniter\CodeIgniter->runController()
 6 SYSTEMPATH/CodeIgniter.php(340): CodeIgniter\CodeIgniter->handleRequest()
 7 SYSTEMPATH/Boot.php(417): CodeIgniter\CodeIgniter->run()
 8 SYSTEMPATH/Boot.php(68): CodeIgniter\Boot::runCodeIgniter()
 9 FCPATH/index.php(59): CodeIgniter\Boot::bootWeb()
10 SYSTEMPATH/rewrite.php(44): require_once('/home/vncs/Desktop/refebi-data/public/index.php')
CRITICAL - 2026-04-20 19:00:23 --> CodeIgniter\View\Exceptions\ViewException: Arquivo inválido: "Admin/Usuarios/show.php"
[Method: GET, Route: admin/usuarios/show/1]
in SYSTEMPATH/Exceptions/FrameworkException.php on line 39.
 1 SYSTEMPATH/View/View.php(228): CodeIgniter\Exceptions\FrameworkException::forInvalidFile()
 2 SYSTEMPATH/Common.php(1250): CodeIgniter\View\View->render()
 3 APPPATH/Controllers/Admin/Usuarios.php(63): view()
 4 SYSTEMPATH/CodeIgniter.php(951): App\Controllers\Admin\Usuarios->show()
 5 SYSTEMPATH/CodeIgniter.php(497): CodeIgniter\CodeIgniter->runController()
 6 SYSTEMPATH/CodeIgniter.php(340): CodeIgniter\CodeIgniter->handleRequest()
 7 SYSTEMPATH/Boot.php(417): CodeIgniter\CodeIgniter->run()
 8 SYSTEMPATH/Boot.php(68): CodeIgniter\Boot::runCodeIgniter()
 9 FCPATH/index.php(59): CodeIgniter\Boot::bootWeb()
10 SYSTEMPATH/rewrite.php(44): require_once('/home/vncs/Desktop/refebi-data/public/index.php')
CRITICAL - 2026-04-20 19:00:25 --> CodeIgniter\View\Exceptions\ViewException: Arquivo inválido: "Admin/Usuarios/show.php"
[Method: GET, Route: admin/usuarios/show/1]
in SYSTEMPATH/Exceptions/FrameworkException.php on line 39.
 1 SYSTEMPATH/View/View.php(228): CodeIgniter\Exceptions\FrameworkException::forInvalidFile()
 2 SYSTEMPATH/Common.php(1250): CodeIgniter\View\View->render()
 3 APPPATH/Controllers/Admin/Usuarios.php(63): view()
 4 SYSTEMPATH/CodeIgniter.php(951): App\Controllers\Admin\Usuarios->show()
 5 SYSTEMPATH/CodeIgniter.php(497): CodeIgniter\CodeIgniter->runController()
 6 SYSTEMPATH/CodeIgniter.php(340): CodeIgniter\CodeIgniter->handleRequest()
 7 SYSTEMPATH/Boot.php(417): CodeIgniter\CodeIgniter->run()
 8 SYSTEMPATH/Boot.php(68): CodeIgniter\Boot::runCodeIgniter()
 9 FCPATH/index.php(59): CodeIgniter\Boot::bootWeb()
10 SYSTEMPATH/rewrite.php(44): require_once('/home/vncs/Desktop/refebi-data/public/index.php')
CRITICAL - 2026-04-20 19:00:26 --> CodeIgniter\View\Exceptions\ViewException: Arquivo inválido: "Admin/Usuarios/show.php"
[Method: GET, Route: admin/usuarios/show/1]
in SYSTEMPATH/Exceptions/FrameworkException.php on line 39.
 1 SYSTEMPATH/View/View.php(228): CodeIgniter\Exceptions\FrameworkException::forInvalidFile()
 2 SYSTEMPATH/Common.php(1250): CodeIgniter\View\View->render()
 3 APPPATH/Controllers/Admin/Usuarios.php(63): view()
 4 SYSTEMPATH/CodeIgniter.php(951): App\Controllers\Admin\Usuarios->show()
 5 SYSTEMPATH/CodeIgniter.php(497): CodeIgniter\CodeIgniter->runController()
 6 SYSTEMPATH/CodeIgniter.php(340): CodeIgniter\CodeIgniter->handleRequest()
 7 SYSTEMPATH/Boot.php(417): CodeIgniter\CodeIgniter->run()
 8 SYSTEMPATH/Boot.php(68): CodeIgniter\Boot::runCodeIgniter()
 9 FCPATH/index.php(59): CodeIgniter\Boot::bootWeb()
10 SYSTEMPATH/rewrite.php(44): require_once('/home/vncs/Desktop/refebi-data/public/index.php')
CRITICAL - 2026-04-20 19:00:26 --> CodeIgniter\View\Exceptions\ViewException: Arquivo inválido: "Admin/Usuarios/show.php"
[Method: GET, Route: admin/usuarios/show/1]
in SYSTEMPATH/Exceptions/FrameworkException.php on line 39.
 1 SYSTEMPATH/View/View.php(228): CodeIgniter\Exceptions\FrameworkException::forInvalidFile()
 2 SYSTEMPATH/Common.php(1250): CodeIgniter\View\View->render()
 3 APPPATH/Controllers/Admin/Usuarios.php(63): view()
 4 SYSTEMPATH/CodeIgniter.php(951): App\Controllers\Admin\Usuarios->show()
 5 SYSTEMPATH/CodeIgniter.php(497): CodeIgniter\CodeIgniter->runController()
 6 SYSTEMPATH/CodeIgniter.php(340): CodeIgniter\CodeIgniter->handleRequest()
 7 SYSTEMPATH/Boot.php(417): CodeIgniter\CodeIgniter->run()
 8 SYSTEMPATH/Boot.php(68): CodeIgniter\Boot::runCodeIgniter()
 9 FCPATH/index.php(59): CodeIgniter\Boot::bootWeb()
10 SYSTEMPATH/rewrite.php(44): require_once('/home/vncs/Desktop/refebi-data/public/index.php')
CRITICAL - 2026-04-20 19:00:28 --> CodeIgniter\View\Exceptions\ViewException: Arquivo inválido: "Admin/Usuarios/show.php"
[Method: GET, Route: admin/usuarios/show/1]
in SYSTEMPATH/Exceptions/FrameworkException.php on line 39.
 1 SYSTEMPATH/View/View.php(228): CodeIgniter\Exceptions\FrameworkException::forInvalidFile()
 2 SYSTEMPATH/Common.php(1250): CodeIgniter\View\View->render()
 3 APPPATH/Controllers/Admin/Usuarios.php(63): view()
 4 SYSTEMPATH/CodeIgniter.php(951): App\Controllers\Admin\Usuarios->show()
 5 SYSTEMPATH/CodeIgniter.php(497): CodeIgniter\CodeIgniter->runController()
 6 SYSTEMPATH/CodeIgniter.php(340): CodeIgniter\CodeIgniter->handleRequest()
 7 SYSTEMPATH/Boot.php(417): CodeIgniter\CodeIgniter->run()
 8 SYSTEMPATH/Boot.php(68): CodeIgniter\Boot::runCodeIgniter()
 9 FCPATH/index.php(59): CodeIgniter\Boot::bootWeb()
10 SYSTEMPATH/rewrite.php(44): require_once('/home/vncs/Desktop/refebi-data/public/index.php')
CRITICAL - 2026-04-20 19:00:45 --> ErrorException: Undefined variable $usuarios
[Method: GET, Route: admin/usuarios/show/1]
in APPPATH/Views/Admin/Usuarios/show.php on line 35.
 1 APPPATH/Views/Admin/Usuarios/show.php(35): CodeIgniter\Debug\Exceptions->errorHandler()
 2 SYSTEMPATH/View/View.php(240): include('/home/vncs/Desktop/refebi-data/app/Views/Admin/Usuarios/show.php')
 3 SYSTEMPATH/View/View.php(243): CodeIgniter\View\View->CodeIgniter\View\{closure}()
 4 SYSTEMPATH/Common.php(1250): CodeIgniter\View\View->render()
 5 APPPATH/Controllers/Admin/Usuarios.php(63): view()
 6 SYSTEMPATH/CodeIgniter.php(951): App\Controllers\Admin\Usuarios->show()
 7 SYSTEMPATH/CodeIgniter.php(497): CodeIgniter\CodeIgniter->runController()
 8 SYSTEMPATH/CodeIgniter.php(340): CodeIgniter\CodeIgniter->handleRequest()
 9 SYSTEMPATH/Boot.php(417): CodeIgniter\CodeIgniter->run()
10 SYSTEMPATH/Boot.php(68): CodeIgniter\Boot::runCodeIgniter()
11 FCPATH/index.php(59): CodeIgniter\Boot::bootWeb()
12 SYSTEMPATH/rewrite.php(44): require_once('/home/vncs/Desktop/refebi-data/public/index.php')
CRITICAL - 2026-04-20 19:00:46 --> ErrorException: Undefined variable $usuarios
[Method: GET, Route: admin/usuarios/show/1]
in APPPATH/Views/Admin/Usuarios/show.php on line 35.
 1 APPPATH/Views/Admin/Usuarios/show.php(35): CodeIgniter\Debug\Exceptions->errorHandler()
 2 SYSTEMPATH/View/View.php(240): include('/home/vncs/Desktop/refebi-data/app/Views/Admin/Usuarios/show.php')
 3 SYSTEMPATH/View/View.php(243): CodeIgniter\View\View->CodeIgniter\View\{closure}()
 4 SYSTEMPATH/Common.php(1250): CodeIgniter\View\View->render()
 5 APPPATH/Controllers/Admin/Usuarios.php(63): view()
 6 SYSTEMPATH/CodeIgniter.php(951): App\Controllers\Admin\Usuarios->show()
 7 SYSTEMPATH/CodeIgniter.php(497): CodeIgniter\CodeIgniter->runController()
 8 SYSTEMPATH/CodeIgniter.php(340): CodeIgniter\CodeIgniter->handleRequest()
 9 SYSTEMPATH/Boot.php(417): CodeIgniter\CodeIgniter->run()
10 SYSTEMPATH/Boot.php(68): CodeIgniter\Boot::runCodeIgniter()
11 FCPATH/index.php(59): CodeIgniter\Boot::bootWeb()
12 SYSTEMPATH/rewrite.php(44): require_once('/home/vncs/Desktop/refebi-data/public/index.php')
CRITICAL - 2026-04-20 19:00:46 --> ErrorException: Undefined variable $usuarios
[Method: GET, Route: admin/usuarios/show/1]
in APPPATH/Views/Admin/Usuarios/show.php on line 35.
 1 APPPATH/Views/Admin/Usuarios/show.php(35): CodeIgniter\Debug\Exceptions->errorHandler()
 2 SYSTEMPATH/View/View.php(240): include('/home/vncs/Desktop/refebi-data/app/Views/Admin/Usuarios/show.php')
 3 SYSTEMPATH/View/View.php(243): CodeIgniter\View\View->CodeIgniter\View\{closure}()
 4 SYSTEMPATH/Common.php(1250): CodeIgniter\View\View->render()
 5 APPPATH/Controllers/Admin/Usuarios.php(63): view()
 6 SYSTEMPATH/CodeIgniter.php(951): App\Controllers\Admin\Usuarios->show()
 7 SYSTEMPATH/CodeIgniter.php(497): CodeIgniter\CodeIgniter->runController()
 8 SYSTEMPATH/CodeIgniter.php(340): CodeIgniter\CodeIgniter->handleRequest()
 9 SYSTEMPATH/Boot.php(417): CodeIgniter\CodeIgniter->run()
10 SYSTEMPATH/Boot.php(68): CodeIgniter\Boot::runCodeIgniter()
11 FCPATH/index.php(59): CodeIgniter\Boot::bootWeb()
12 SYSTEMPATH/rewrite.php(44): require_once('/home/vncs/Desktop/refebi-data/public/index.php')
CRITICAL - 2026-04-20 19:00:46 --> ErrorException: Undefined variable $usuarios
[Method: GET, Route: admin/usuarios/show/1]
in APPPATH/Views/Admin/Usuarios/show.php on line 35.
 1 APPPATH/Views/Admin/Usuarios/show.php(35): CodeIgniter\Debug\Exceptions->errorHandler()
 2 SYSTEMPATH/View/View.php(240): include('/home/vncs/Desktop/refebi-data/app/Views/Admin/Usuarios/show.php')
 3 SYSTEMPATH/View/View.php(243): CodeIgniter\View\View->CodeIgniter\View\{closure}()
 4 SYSTEMPATH/Common.php(1250): CodeIgniter\View\View->render()
 5 APPPATH/Controllers/Admin/Usuarios.php(63): view()
 6 SYSTEMPATH/CodeIgniter.php(951): App\Controllers\Admin\Usuarios->show()
 7 SYSTEMPATH/CodeIgniter.php(497): CodeIgniter\CodeIgniter->runController()
 8 SYSTEMPATH/CodeIgniter.php(340): CodeIgniter\CodeIgniter->handleRequest()
 9 SYSTEMPATH/Boot.php(417): CodeIgniter\CodeIgniter->run()
10 SYSTEMPATH/Boot.php(68): CodeIgniter\Boot::runCodeIgniter()
11 FCPATH/index.php(59): CodeIgniter\Boot::bootWeb()
12 SYSTEMPATH/rewrite.php(44): require_once('/home/vncs/Desktop/refebi-data/public/index.php')
CRITICAL - 2026-04-20 19:00:58 --> ErrorException: Undefined variable $usuarios
[Method: GET, Route: admin/usuarios/show/1]
in APPPATH/Views/Admin/Usuarios/show.php on line 34.
 1 APPPATH/Views/Admin/Usuarios/show.php(34): CodeIgniter\Debug\Exceptions->errorHandler()
 2 SYSTEMPATH/View/View.php(240): include('/home/vncs/Desktop/refebi-data/app/Views/Admin/Usuarios/show.php')
 3 SYSTEMPATH/View/View.php(243): CodeIgniter\View\View->CodeIgniter\View\{closure}()
 4 SYSTEMPATH/Common.php(1250): CodeIgniter\View\View->render()
 5 APPPATH/Controllers/Admin/Usuarios.php(63): view()
 6 SYSTEMPATH/CodeIgniter.php(951): App\Controllers\Admin\Usuarios->show()
 7 SYSTEMPATH/CodeIgniter.php(497): CodeIgniter\CodeIgniter->runController()
 8 SYSTEMPATH/CodeIgniter.php(340): CodeIgniter\CodeIgniter->handleRequest()
 9 SYSTEMPATH/Boot.php(417): CodeIgniter\CodeIgniter->run()
10 SYSTEMPATH/Boot.php(68): CodeIgniter\Boot::runCodeIgniter()
11 FCPATH/index.php(59): CodeIgniter\Boot::bootWeb()
12 SYSTEMPATH/rewrite.php(44): require_once('/home/vncs/Desktop/refebi-data/public/index.php')
CRITICAL - 2026-04-20 19:01:29 --> ErrorException: Undefined variable $usuarios
[Method: GET, Route: admin/usuarios/show/1]
in APPPATH/Views/Admin/Usuarios/index.php on line 35.
 1 APPPATH/Views/Admin/Usuarios/index.php(35): CodeIgniter\Debug\Exceptions->errorHandler()
 2 SYSTEMPATH/View/View.php(240): include('/home/vncs/Desktop/refebi-data/app/Views/Admin/Usuarios/index.php')
 3 SYSTEMPATH/View/View.php(243): CodeIgniter\View\View->CodeIgniter\View\{closure}()
 4 SYSTEMPATH/Common.php(1250): CodeIgniter\View\View->render()
 5 APPPATH/Controllers/Admin/Usuarios.php(63): view()
 6 SYSTEMPATH/CodeIgniter.php(951): App\Controllers\Admin\Usuarios->show()
 7 SYSTEMPATH/CodeIgniter.php(497): CodeIgniter\CodeIgniter->runController()
 8 SYSTEMPATH/CodeIgniter.php(340): CodeIgniter\CodeIgniter->handleRequest()
 9 SYSTEMPATH/Boot.php(417): CodeIgniter\CodeIgniter->run()
10 SYSTEMPATH/Boot.php(68): CodeIgniter\Boot::runCodeIgniter()
11 FCPATH/index.php(59): CodeIgniter\Boot::bootWeb()
12 SYSTEMPATH/rewrite.php(44): require_once('/home/vncs/Desktop/refebi-data/public/index.php')
CRITICAL - 2026-04-20 19:01:41 --> ErrorException: Undefined variable $usuarios
[Method: GET, Route: admin/usuarios/show/1]
in APPPATH/Views/Admin/Usuarios/show.php on line 34.
 1 APPPATH/Views/Admin/Usuarios/show.php(34): CodeIgniter\Debug\Exceptions->errorHandler()
 2 SYSTEMPATH/View/View.php(240): include('/home/vncs/Desktop/refebi-data/app/Views/Admin/Usuarios/show.php')
 3 SYSTEMPATH/View/View.php(243): CodeIgniter\View\View->CodeIgniter\View\{closure}()
 4 SYSTEMPATH/Common.php(1250): CodeIgniter\View\View->render()
 5 APPPATH/Controllers/Admin/Usuarios.php(63): view()
 6 SYSTEMPATH/CodeIgniter.php(951): App\Controllers\Admin\Usuarios->show()
 7 SYSTEMPATH/CodeIgniter.php(497): CodeIgniter\CodeIgniter->runController()
 8 SYSTEMPATH/CodeIgniter.php(340): CodeIgniter\CodeIgniter->handleRequest()
 9 SYSTEMPATH/Boot.php(417): CodeIgniter\CodeIgniter->run()
10 SYSTEMPATH/Boot.php(68): CodeIgniter\Boot::runCodeIgniter()
11 FCPATH/index.php(59): CodeIgniter\Boot::bootWeb()
12 SYSTEMPATH/rewrite.php(44): require_once('/home/vncs/Desktop/refebi-data/public/index.php')
CRITICAL - 2026-04-20 19:02:11 --> ErrorException: Undefined variable $usuarios
[Method: GET, Route: admin/usuarios/show/1]
in APPPATH/Views/Admin/Usuarios/show.php on line 28.
 1 APPPATH/Views/Admin/Usuarios/show.php(28): CodeIgniter\Debug\Exceptions->errorHandler()
 2 SYSTEMPATH/View/View.php(240): include('/home/vncs/Desktop/refebi-data/app/Views/Admin/Usuarios/show.php')
 3 SYSTEMPATH/View/View.php(243): CodeIgniter\View\View->CodeIgniter\View\{closure}()
 4 SYSTEMPATH/Common.php(1250): CodeIgniter\View\View->render()
 5 APPPATH/Controllers/Admin/Usuarios.php(63): view()
 6 SYSTEMPATH/CodeIgniter.php(951): App\Controllers\Admin\Usuarios->show()
 7 SYSTEMPATH/CodeIgniter.php(497): CodeIgniter\CodeIgniter->runController()
 8 SYSTEMPATH/CodeIgniter.php(340): CodeIgniter\CodeIgniter->handleRequest()
 9 SYSTEMPATH/Boot.php(417): CodeIgniter\CodeIgniter->run()
10 SYSTEMPATH/Boot.php(68): CodeIgniter\Boot::runCodeIgniter()
11 FCPATH/index.php(59): CodeIgniter\Boot::bootWeb()
12 SYSTEMPATH/rewrite.php(44): require_once('/home/vncs/Desktop/refebi-data/public/index.php')
CRITICAL - 2026-04-20 19:02:11 --> ErrorException: Undefined variable $usuarios
[Method: GET, Route: admin/usuarios/show/1]
in APPPATH/Views/Admin/Usuarios/show.php on line 28.
 1 APPPATH/Views/Admin/Usuarios/show.php(28): CodeIgniter\Debug\Exceptions->errorHandler()
 2 SYSTEMPATH/View/View.php(240): include('/home/vncs/Desktop/refebi-data/app/Views/Admin/Usuarios/show.php')
 3 SYSTEMPATH/View/View.php(243): CodeIgniter\View\View->CodeIgniter\View\{closure}()
 4 SYSTEMPATH/Common.php(1250): CodeIgniter\View\View->render()
 5 APPPATH/Controllers/Admin/Usuarios.php(63): view()
 6 SYSTEMPATH/CodeIgniter.php(951): App\Controllers\Admin\Usuarios->show()
 7 SYSTEMPATH/CodeIgniter.php(497): CodeIgniter\CodeIgniter->runController()
 8 SYSTEMPATH/CodeIgniter.php(340): CodeIgniter\CodeIgniter->handleRequest()
 9 SYSTEMPATH/Boot.php(417): CodeIgniter\CodeIgniter->run()
10 SYSTEMPATH/Boot.php(68): CodeIgniter\Boot::runCodeIgniter()
11 FCPATH/index.php(59): CodeIgniter\Boot::bootWeb()
12 SYSTEMPATH/rewrite.php(44): require_once('/home/vncs/Desktop/refebi-data/public/index.php')
CRITICAL - 2026-04-20 19:04:08 --> CodeIgniter\View\Exceptions\ViewException: Arquivo inválido: "Admin/Usuarios/Show.php"
[Method: GET, Route: admin/usuarios/show/1]
in SYSTEMPATH/Exceptions/FrameworkException.php on line 39.
 1 SYSTEMPATH/View/View.php(228): CodeIgniter\Exceptions\FrameworkException::forInvalidFile()
 2 SYSTEMPATH/Common.php(1250): CodeIgniter\View\View->render()
 3 APPPATH/Controllers/Admin/Usuarios.php(63): view()
 4 SYSTEMPATH/CodeIgniter.php(951): App\Controllers\Admin\Usuarios->show()
 5 SYSTEMPATH/CodeIgniter.php(497): CodeIgniter\CodeIgniter->runController()
 6 SYSTEMPATH/CodeIgniter.php(340): CodeIgniter\CodeIgniter->handleRequest()
 7 SYSTEMPATH/Boot.php(417): CodeIgniter\CodeIgniter->run()
 8 SYSTEMPATH/Boot.php(68): CodeIgniter\Boot::runCodeIgniter()
 9 FCPATH/index.php(59): CodeIgniter\Boot::bootWeb()
10 SYSTEMPATH/rewrite.php(44): require_once('/home/vncs/Desktop/refebi-data/public/index.php')
CRITICAL - 2026-04-20 19:04:09 --> CodeIgniter\View\Exceptions\ViewException: Arquivo inválido: "Admin/Usuarios/Show.php"
[Method: GET, Route: admin/usuarios/show/1]
in SYSTEMPATH/Exceptions/FrameworkException.php on line 39.
 1 SYSTEMPATH/View/View.php(228): CodeIgniter\Exceptions\FrameworkException::forInvalidFile()
 2 SYSTEMPATH/Common.php(1250): CodeIgniter\View\View->render()
 3 APPPATH/Controllers/Admin/Usuarios.php(63): view()
 4 SYSTEMPATH/CodeIgniter.php(951): App\Controllers\Admin\Usuarios->show()
 5 SYSTEMPATH/CodeIgniter.php(497): CodeIgniter\CodeIgniter->runController()
 6 SYSTEMPATH/CodeIgniter.php(340): CodeIgniter\CodeIgniter->handleRequest()
 7 SYSTEMPATH/Boot.php(417): CodeIgniter\CodeIgniter->run()
 8 SYSTEMPATH/Boot.php(68): CodeIgniter\Boot::runCodeIgniter()
 9 FCPATH/index.php(59): CodeIgniter\Boot::bootWeb()
10 SYSTEMPATH/rewrite.php(44): require_once('/home/vncs/Desktop/refebi-data/public/index.php')
CRITICAL - 2026-04-20 19:04:09 --> CodeIgniter\View\Exceptions\ViewException: Arquivo inválido: "Admin/Usuarios/Show.php"
[Method: GET, Route: admin/usuarios/show/1]
in SYSTEMPATH/Exceptions/FrameworkException.php on line 39.
 1 SYSTEMPATH/View/View.php(228): CodeIgniter\Exceptions\FrameworkException::forInvalidFile()
 2 SYSTEMPATH/Common.php(1250): CodeIgniter\View\View->render()
 3 APPPATH/Controllers/Admin/Usuarios.php(63): view()
 4 SYSTEMPATH/CodeIgniter.php(951): App\Controllers\Admin\Usuarios->show()
 5 SYSTEMPATH/CodeIgniter.php(497): CodeIgniter\CodeIgniter->runController()
 6 SYSTEMPATH/CodeIgniter.php(340): CodeIgniter\CodeIgniter->handleRequest()
 7 SYSTEMPATH/Boot.php(417): CodeIgniter\CodeIgniter->run()
 8 SYSTEMPATH/Boot.php(68): CodeIgniter\Boot::runCodeIgniter()
 9 FCPATH/index.php(59): CodeIgniter\Boot::bootWeb()
10 SYSTEMPATH/rewrite.php(44): require_once('/home/vncs/Desktop/refebi-data/public/index.php')
CRITICAL - 2026-04-20 19:11:11 --> ErrorException: Undefined property: stdClass::$is_admin
[Method: GET, Route: admin/usuarios/show/1]
in APPPATH/Views/Admin/Usuarios/show.php on line 32.
 1 APPPATH/Views/Admin/Usuarios/show.php(32): CodeIgniter\Debug\Exceptions->errorHandler()
 2 SYSTEMPATH/View/View.php(240): include('/home/vncs/Desktop/refebi-data/app/Views/Admin/Usuarios/show.php')
 3 SYSTEMPATH/View/View.php(243): CodeIgniter\View\View->CodeIgniter\View\{closure}()
 4 SYSTEMPATH/Common.php(1250): CodeIgniter\View\View->render()
 5 APPPATH/Controllers/Admin/Usuarios.php(63): view()
 6 SYSTEMPATH/CodeIgniter.php(951): App\Controllers\Admin\Usuarios->show()
 7 SYSTEMPATH/CodeIgniter.php(497): CodeIgniter\CodeIgniter->runController()
 8 SYSTEMPATH/CodeIgniter.php(340): CodeIgniter\CodeIgniter->handleRequest()
 9 SYSTEMPATH/Boot.php(417): CodeIgniter\CodeIgniter->run()
10 SYSTEMPATH/Boot.php(68): CodeIgniter\Boot::runCodeIgniter()
11 FCPATH/index.php(59): CodeIgniter\Boot::bootWeb()
12 SYSTEMPATH/rewrite.php(44): require_once('/home/vncs/Desktop/refebi-data/public/index.php')
CRITICAL - 2026-04-20 19:12:10 --> Error: Call to a member function humanize() on string
[Method: GET, Route: admin/usuarios/show/1]
in APPPATH/Views/Admin/Usuarios/show.php on line 36.
 1 SYSTEMPATH/View/View.php(240): include()
 2 SYSTEMPATH/View/View.php(243): CodeIgniter\View\View->CodeIgniter\View\{closure}()
 3 SYSTEMPATH/Common.php(1250): CodeIgniter\View\View->render()
 4 APPPATH/Controllers/Admin/Usuarios.php(63): view()
 5 SYSTEMPATH/CodeIgniter.php(951): App\Controllers\Admin\Usuarios->show()
 6 SYSTEMPATH/CodeIgniter.php(497): CodeIgniter\CodeIgniter->runController()
 7 SYSTEMPATH/CodeIgniter.php(340): CodeIgniter\CodeIgniter->handleRequest()
 8 SYSTEMPATH/Boot.php(417): CodeIgniter\CodeIgniter->run()
 9 SYSTEMPATH/Boot.php(68): CodeIgniter\Boot::runCodeIgniter()
10 FCPATH/index.php(59): CodeIgniter\Boot::bootWeb()
11 SYSTEMPATH/rewrite.php(44): require_once('/home/vncs/Desktop/refebi-data/public/index.php')
CRITICAL - 2026-04-20 19:12:11 --> Error: Call to a member function humanize() on string
[Method: GET, Route: admin/usuarios/show/1]
in APPPATH/Views/Admin/Usuarios/show.php on line 36.
 1 SYSTEMPATH/View/View.php(240): include()
 2 SYSTEMPATH/View/View.php(243): CodeIgniter\View\View->CodeIgniter\View\{closure}()
 3 SYSTEMPATH/Common.php(1250): CodeIgniter\View\View->render()
 4 APPPATH/Controllers/Admin/Usuarios.php(63): view()
 5 SYSTEMPATH/CodeIgniter.php(951): App\Controllers\Admin\Usuarios->show()
 6 SYSTEMPATH/CodeIgniter.php(497): CodeIgniter\CodeIgniter->runController()
 7 SYSTEMPATH/CodeIgniter.php(340): CodeIgniter\CodeIgniter->handleRequest()
 8 SYSTEMPATH/Boot.php(417): CodeIgniter\CodeIgniter->run()
 9 SYSTEMPATH/Boot.php(68): CodeIgniter\Boot::runCodeIgniter()
10 FCPATH/index.php(59): CodeIgniter\Boot::bootWeb()
11 SYSTEMPATH/rewrite.php(44): require_once('/home/vncs/Desktop/refebi-data/public/index.php')
CRITICAL - 2026-04-20 19:12:26 --> Error: Call to a member function humanize() on string
[Method: GET, Route: admin/usuarios/show/1]
in APPPATH/Views/Admin/Usuarios/show.php on line 36.
 1 SYSTEMPATH/View/View.php(240): include()
 2 SYSTEMPATH/View/View.php(243): CodeIgniter\View\View->CodeIgniter\View\{closure}()
 3 SYSTEMPATH/Common.php(1250): CodeIgniter\View\View->render()
 4 APPPATH/Controllers/Admin/Usuarios.php(63): view()
 5 SYSTEMPATH/CodeIgniter.php(951): App\Controllers\Admin\Usuarios->show()
 6 SYSTEMPATH/CodeIgniter.php(497): CodeIgniter\CodeIgniter->runController()
 7 SYSTEMPATH/CodeIgniter.php(340): CodeIgniter\CodeIgniter->handleRequest()
 8 SYSTEMPATH/Boot.php(417): CodeIgniter\CodeIgniter->run()
 9 SYSTEMPATH/Boot.php(68): CodeIgniter\Boot::runCodeIgniter()
10 FCPATH/index.php(59): CodeIgniter\Boot::bootWeb()
11 SYSTEMPATH/rewrite.php(44): require_once('/home/vncs/Desktop/refebi-data/public/index.php')
CRITICAL - 2026-04-20 19:12:26 --> Error: Call to a member function humanize() on string
[Method: GET, Route: admin/usuarios/show/1]
in APPPATH/Views/Admin/Usuarios/show.php on line 36.
 1 SYSTEMPATH/View/View.php(240): include()
 2 SYSTEMPATH/View/View.php(243): CodeIgniter\View\View->CodeIgniter\View\{closure}()
 3 SYSTEMPATH/Common.php(1250): CodeIgniter\View\View->render()
 4 APPPATH/Controllers/Admin/Usuarios.php(63): view()
 5 SYSTEMPATH/CodeIgniter.php(951): App\Controllers\Admin\Usuarios->show()
 6 SYSTEMPATH/CodeIgniter.php(497): CodeIgniter\CodeIgniter->runController()
 7 SYSTEMPATH/CodeIgniter.php(340): CodeIgniter\CodeIgniter->handleRequest()
 8 SYSTEMPATH/Boot.php(417): CodeIgniter\CodeIgniter->run()
 9 SYSTEMPATH/Boot.php(68): CodeIgniter\Boot::runCodeIgniter()
10 FCPATH/index.php(59): CodeIgniter\Boot::bootWeb()
11 SYSTEMPATH/rewrite.php(44): require_once('/home/vncs/Desktop/refebi-data/public/index.php')
CRITICAL - 2026-04-20 19:12:27 --> Error: Call to a member function humanize() on string
[Method: GET, Route: admin/usuarios/show/1]
in APPPATH/Views/Admin/Usuarios/show.php on line 36.
 1 SYSTEMPATH/View/View.php(240): include()
 2 SYSTEMPATH/View/View.php(243): CodeIgniter\View\View->CodeIgniter\View\{closure}()
 3 SYSTEMPATH/Common.php(1250): CodeIgniter\View\View->render()
 4 APPPATH/Controllers/Admin/Usuarios.php(63): view()
 5 SYSTEMPATH/CodeIgniter.php(951): App\Controllers\Admin\Usuarios->show()
 6 SYSTEMPATH/CodeIgniter.php(497): CodeIgniter\CodeIgniter->runController()
 7 SYSTEMPATH/CodeIgniter.php(340): CodeIgniter\CodeIgniter->handleRequest()
 8 SYSTEMPATH/Boot.php(417): CodeIgniter\CodeIgniter->run()
 9 SYSTEMPATH/Boot.php(68): CodeIgniter\Boot::runCodeIgniter()
10 FCPATH/index.php(59): CodeIgniter\Boot::bootWeb()
11 SYSTEMPATH/rewrite.php(44): require_once('/home/vncs/Desktop/refebi-data/public/index.php')
CRITICAL - 2026-04-20 19:12:51 --> Error: Call to a member function humanize() on string
[Method: GET, Route: admin/usuarios/show/1]
in APPPATH/Views/Admin/Usuarios/show.php on line 36.
 1 SYSTEMPATH/View/View.php(240): include()
 2 SYSTEMPATH/View/View.php(243): CodeIgniter\View\View->CodeIgniter\View\{closure}()
 3 SYSTEMPATH/Common.php(1250): CodeIgniter\View\View->render()
 4 APPPATH/Controllers/Admin/Usuarios.php(63): view()
 5 SYSTEMPATH/CodeIgniter.php(951): App\Controllers\Admin\Usuarios->show()
 6 SYSTEMPATH/CodeIgniter.php(497): CodeIgniter\CodeIgniter->runController()
 7 SYSTEMPATH/CodeIgniter.php(340): CodeIgniter\CodeIgniter->handleRequest()
 8 SYSTEMPATH/Boot.php(417): CodeIgniter\CodeIgniter->run()
 9 SYSTEMPATH/Boot.php(68): CodeIgniter\Boot::runCodeIgniter()
10 FCPATH/index.php(59): CodeIgniter\Boot::bootWeb()
11 SYSTEMPATH/rewrite.php(44): require_once('/home/vncs/Desktop/refebi-data/public/index.php')
CRITICAL - 2026-04-20 19:13:02 --> Error: Call to a member function humanize() on string
[Method: GET, Route: admin/usuarios/show/1]
in APPPATH/Views/Admin/Usuarios/show.php on line 36.
 1 SYSTEMPATH/View/View.php(240): include()
 2 SYSTEMPATH/View/View.php(243): CodeIgniter\View\View->CodeIgniter\View\{closure}()
 3 SYSTEMPATH/Common.php(1250): CodeIgniter\View\View->render()
 4 APPPATH/Controllers/Admin/Usuarios.php(63): view()
 5 SYSTEMPATH/CodeIgniter.php(951): App\Controllers\Admin\Usuarios->show()
 6 SYSTEMPATH/CodeIgniter.php(497): CodeIgniter\CodeIgniter->runController()
 7 SYSTEMPATH/CodeIgniter.php(340): CodeIgniter\CodeIgniter->handleRequest()
 8 SYSTEMPATH/Boot.php(417): CodeIgniter\CodeIgniter->run()
 9 SYSTEMPATH/Boot.php(68): CodeIgniter\Boot::runCodeIgniter()
10 FCPATH/index.php(59): CodeIgniter\Boot::bootWeb()
11 SYSTEMPATH/rewrite.php(44): require_once('/home/vncs/Desktop/refebi-data/public/index.php')
CRITICAL - 2026-04-20 19:39:57 --> ParseError: syntax error, unexpected identifier "nome", expecting "," or ";"
[Method: GET, Route: admin/usuarios/show/1]
in APPPATH/Models/UsuarioModel.php on line 15.
 1 SYSTEMPATH/Autoloader/Autoloader.php(295): CodeIgniter\Autoloader\Autoloader->includeFile()
 2 SYSTEMPATH/Autoloader/Autoloader.php(271): CodeIgniter\Autoloader\Autoloader->loadInNamespace()
 3 APPPATH/Controllers/Admin/Usuarios.php(13): CodeIgniter\Autoloader\Autoloader->loadClass()
 4 SYSTEMPATH/CodeIgniter.php(921): App\Controllers\Admin\Usuarios->__construct()
 5 SYSTEMPATH/CodeIgniter.php(488): CodeIgniter\CodeIgniter->createController()
 6 SYSTEMPATH/CodeIgniter.php(340): CodeIgniter\CodeIgniter->handleRequest()
 7 SYSTEMPATH/Boot.php(417): CodeIgniter\CodeIgniter->run()
 8 SYSTEMPATH/Boot.php(68): CodeIgniter\Boot::runCodeIgniter()
 9 FCPATH/index.php(59): CodeIgniter\Boot::bootWeb()
10 SYSTEMPATH/rewrite.php(44): require_once('/home/vncs/Desktop/refebi-data/public/index.php')
CRITICAL - 2026-04-20 19:41:16 --> Error: Call to a member function humanize() on null
[Method: GET, Route: admin/usuarios/show/1]
in APPPATH/Views/Admin/Usuarios/show.php on line 51.
 1 SYSTEMPATH/View/View.php(240): include()
 2 SYSTEMPATH/View/View.php(243): CodeIgniter\View\View->CodeIgniter\View\{closure}()
 3 SYSTEMPATH/Common.php(1250): CodeIgniter\View\View->render()
 4 APPPATH/Controllers/Admin/Usuarios.php(63): view()
 5 SYSTEMPATH/CodeIgniter.php(951): App\Controllers\Admin\Usuarios->show()
 6 SYSTEMPATH/CodeIgniter.php(497): CodeIgniter\CodeIgniter->runController()
 7 SYSTEMPATH/CodeIgniter.php(340): CodeIgniter\CodeIgniter->handleRequest()
 8 SYSTEMPATH/Boot.php(417): CodeIgniter\CodeIgniter->run()
 9 SYSTEMPATH/Boot.php(68): CodeIgniter\Boot::runCodeIgniter()
10 FCPATH/index.php(59): CodeIgniter\Boot::bootWeb()
11 SYSTEMPATH/rewrite.php(44): require_once('/home/vncs/Desktop/refebi-data/public/index.php')
CRITICAL - 2026-04-20 19:41:23 --> Error: Call to a member function humanize() on null
[Method: GET, Route: admin/usuarios/show/1]
in APPPATH/Views/Admin/Usuarios/show.php on line 51.
 1 SYSTEMPATH/View/View.php(240): include()
 2 SYSTEMPATH/View/View.php(243): CodeIgniter\View\View->CodeIgniter\View\{closure}()
 3 SYSTEMPATH/Common.php(1250): CodeIgniter\View\View->render()
 4 APPPATH/Controllers/Admin/Usuarios.php(63): view()
 5 SYSTEMPATH/CodeIgniter.php(951): App\Controllers\Admin\Usuarios->show()
 6 SYSTEMPATH/CodeIgniter.php(497): CodeIgniter\CodeIgniter->runController()
 7 SYSTEMPATH/CodeIgniter.php(340): CodeIgniter\CodeIgniter->handleRequest()
 8 SYSTEMPATH/Boot.php(417): CodeIgniter\CodeIgniter->run()
 9 SYSTEMPATH/Boot.php(68): CodeIgniter\Boot::runCodeIgniter()
10 FCPATH/index.php(59): CodeIgniter\Boot::bootWeb()
11 SYSTEMPATH/rewrite.php(44): require_once('/home/vncs/Desktop/refebi-data/public/index.php')
CRITICAL - 2026-04-20 19:41:24 --> Error: Call to a member function humanize() on null
[Method: GET, Route: admin/usuarios/show/1]
in APPPATH/Views/Admin/Usuarios/show.php on line 51.
 1 SYSTEMPATH/View/View.php(240): include()
 2 SYSTEMPATH/View/View.php(243): CodeIgniter\View\View->CodeIgniter\View\{closure}()
 3 SYSTEMPATH/Common.php(1250): CodeIgniter\View\View->render()
 4 APPPATH/Controllers/Admin/Usuarios.php(63): view()
 5 SYSTEMPATH/CodeIgniter.php(951): App\Controllers\Admin\Usuarios->show()
 6 SYSTEMPATH/CodeIgniter.php(497): CodeIgniter\CodeIgniter->runController()
 7 SYSTEMPATH/CodeIgniter.php(340): CodeIgniter\CodeIgniter->handleRequest()
 8 SYSTEMPATH/Boot.php(417): CodeIgniter\CodeIgniter->run()
 9 SYSTEMPATH/Boot.php(68): CodeIgniter\Boot::runCodeIgniter()
10 FCPATH/index.php(59): CodeIgniter\Boot::bootWeb()
11 SYSTEMPATH/rewrite.php(44): require_once('/home/vncs/Desktop/refebi-data/public/index.php')
CRITICAL - 2026-04-20 19:44:56 --> ErrorException: Cannot redeclare App\Controllers\Admin\Usuarios::show()
[Method: GET, Route: admin/usuarios/show/1]
in APPPATH/Controllers/Admin/Usuarios.php on line 65.
 1 [internal function]: CodeIgniter\Debug\Exceptions->shutdownHandler()
CRITICAL - 2026-04-20 19:45:31 --> CodeIgniter\View\Exceptions\ViewException: Arquivo inválido: "Admin/Usuarios/editar.php"
[Method: GET, Route: admin/usuarios/editar/1]
in SYSTEMPATH/Exceptions/FrameworkException.php on line 39.
 1 SYSTEMPATH/View/View.php(228): CodeIgniter\Exceptions\FrameworkException::forInvalidFile()
 2 SYSTEMPATH/Common.php(1250): CodeIgniter\View\View->render()
 3 APPPATH/Controllers/Admin/Usuarios.php(75): view()
 4 SYSTEMPATH/CodeIgniter.php(951): App\Controllers\Admin\Usuarios->editar()
 5 SYSTEMPATH/CodeIgniter.php(497): CodeIgniter\CodeIgniter->runController()
 6 SYSTEMPATH/CodeIgniter.php(340): CodeIgniter\CodeIgniter->handleRequest()
 7 SYSTEMPATH/Boot.php(417): CodeIgniter\CodeIgniter->run()
 8 SYSTEMPATH/Boot.php(68): CodeIgniter\Boot::runCodeIgniter()
 9 FCPATH/index.php(59): CodeIgniter\Boot::bootWeb()
10 SYSTEMPATH/rewrite.php(44): require_once('/home/vncs/Desktop/refebi-data/public/index.php')
DEBUG - 2026-04-20 19:46:02 --> Session: Class initialized using 'CodeIgniter\Session\Handlers\FileHandler' driver.
CRITICAL - 2026-04-20 19:46:02 --> Error: Call to undefined function form_open()
[Method: GET, Route: admin/usuarios/editar/1]
in APPPATH/Views/Admin/Usuarios/editar.php on line 29.
 1 SYSTEMPATH/View/View.php(240): include()
 2 SYSTEMPATH/View/View.php(243): CodeIgniter\View\View->CodeIgniter\View\{closure}()
 3 SYSTEMPATH/Common.php(1250): CodeIgniter\View\View->render()
 4 APPPATH/Controllers/Admin/Usuarios.php(75): view()
 5 SYSTEMPATH/CodeIgniter.php(951): App\Controllers\Admin\Usuarios->editar()
 6 SYSTEMPATH/CodeIgniter.php(497): CodeIgniter\CodeIgniter->runController()
 7 SYSTEMPATH/CodeIgniter.php(340): CodeIgniter\CodeIgniter->handleRequest()
 8 SYSTEMPATH/Boot.php(417): CodeIgniter\CodeIgniter->run()
 9 SYSTEMPATH/Boot.php(68): CodeIgniter\Boot::runCodeIgniter()
10 FCPATH/index.php(59): CodeIgniter\Boot::bootWeb()
11 SYSTEMPATH/rewrite.php(44): require_once('/home/vncs/Desktop/refebi-data/public/index.php')
DEBUG - 2026-04-20 19:46:22 --> Session: Class initialized using 'CodeIgniter\Session\Handlers\FileHandler' driver.
CRITICAL - 2026-04-20 19:46:22 --> CodeIgniter\View\Exceptions\ViewException: Arquivo inválido: "Admin/Usuarios/form.php"
[Method: GET, Route: admin/usuarios/editar/1]
in SYSTEMPATH/Exceptions/FrameworkException.php on line 39.
 1 SYSTEMPATH/View/View.php(228): CodeIgniter\Exceptions\FrameworkException::forInvalidFile()
 2 SYSTEMPATH/View/View.php(489): CodeIgniter\View\View->render()
 3 APPPATH/Views/Admin/Usuarios/editar.php(30): CodeIgniter\View\View->include()
 4 SYSTEMPATH/View/View.php(240): include('/home/vncs/Desktop/refebi-data/app/Views/Admin/Usuarios/editar.php')
 5 SYSTEMPATH/View/View.php(243): CodeIgniter\View\View->CodeIgniter\View\{closure}()
 6 SYSTEMPATH/Common.php(1250): CodeIgniter\View\View->render()
 7 APPPATH/Controllers/Admin/Usuarios.php(75): view()
 8 SYSTEMPATH/CodeIgniter.php(951): App\Controllers\Admin\Usuarios->editar()
 9 SYSTEMPATH/CodeIgniter.php(497): CodeIgniter\CodeIgniter->runController()
10 SYSTEMPATH/CodeIgniter.php(340): CodeIgniter\CodeIgniter->handleRequest()
11 SYSTEMPATH/Boot.php(417): CodeIgniter\CodeIgniter->run()
12 SYSTEMPATH/Boot.php(68): CodeIgniter\Boot::runCodeIgniter()
13 FCPATH/index.php(59): CodeIgniter\Boot::bootWeb()
14 SYSTEMPATH/rewrite.php(44): require_once('/home/vncs/Desktop/refebi-data/public/index.php')
DEBUG - 2026-04-20 19:46:40 --> Session: Class initialized using 'CodeIgniter\Session\Handlers\FileHandler' driver.
CRITICAL - 2026-04-20 19:46:40 --> Error: Call to undefined function form_open()
[Method: GET, Route: admin/usuarios/editar/1]
in APPPATH/Views/Admin/Usuarios/editar.php on line 29.
 1 SYSTEMPATH/View/View.php(240): include()
 2 SYSTEMPATH/View/View.php(243): CodeIgniter\View\View->CodeIgniter\View\{closure}()
 3 SYSTEMPATH/Common.php(1250): CodeIgniter\View\View->render()
 4 APPPATH/Controllers/Admin/Usuarios.php(75): view()
 5 SYSTEMPATH/CodeIgniter.php(951): App\Controllers\Admin\Usuarios->editar()
 6 SYSTEMPATH/CodeIgniter.php(497): CodeIgniter\CodeIgniter->runController()
 7 SYSTEMPATH/CodeIgniter.php(340): CodeIgniter\CodeIgniter->handleRequest()
 8 SYSTEMPATH/Boot.php(417): CodeIgniter\CodeIgniter->run()
 9 SYSTEMPATH/Boot.php(68): CodeIgniter\Boot::runCodeIgniter()
10 FCPATH/index.php(59): CodeIgniter\Boot::bootWeb()
11 SYSTEMPATH/rewrite.php(44): require_once('/home/vncs/Desktop/refebi-data/public/index.php')
DEBUG - 2026-04-20 19:46:41 --> Session: Class initialized using 'CodeIgniter\Session\Handlers\FileHandler' driver.
CRITICAL - 2026-04-20 19:46:41 --> Error: Call to undefined function form_open()
[Method: GET, Route: admin/usuarios/editar/1]
in APPPATH/Views/Admin/Usuarios/editar.php on line 29.
 1 SYSTEMPATH/View/View.php(240): include()
 2 SYSTEMPATH/View/View.php(243): CodeIgniter\View\View->CodeIgniter\View\{closure}()
 3 SYSTEMPATH/Common.php(1250): CodeIgniter\View\View->render()
 4 APPPATH/Controllers/Admin/Usuarios.php(75): view()
 5 SYSTEMPATH/CodeIgniter.php(951): App\Controllers\Admin\Usuarios->editar()
 6 SYSTEMPATH/CodeIgniter.php(497): CodeIgniter\CodeIgniter->runController()
 7 SYSTEMPATH/CodeIgniter.php(340): CodeIgniter\CodeIgniter->handleRequest()
 8 SYSTEMPATH/Boot.php(417): CodeIgniter\CodeIgniter->run()
 9 SYSTEMPATH/Boot.php(68): CodeIgniter\Boot::runCodeIgniter()
10 FCPATH/index.php(59): CodeIgniter\Boot::bootWeb()
11 SYSTEMPATH/rewrite.php(44): require_once('/home/vncs/Desktop/refebi-data/public/index.php')
DEBUG - 2026-04-20 19:46:42 --> Session: Class initialized using 'CodeIgniter\Session\Handlers\FileHandler' driver.
CRITICAL - 2026-04-20 19:46:42 --> Error: Call to undefined function form_open()
[Method: GET, Route: admin/usuarios/editar/1]
in APPPATH/Views/Admin/Usuarios/editar.php on line 29.
 1 SYSTEMPATH/View/View.php(240): include()
 2 SYSTEMPATH/View/View.php(243): CodeIgniter\View\View->CodeIgniter\View\{closure}()
 3 SYSTEMPATH/Common.php(1250): CodeIgniter\View\View->render()
 4 APPPATH/Controllers/Admin/Usuarios.php(75): view()
 5 SYSTEMPATH/CodeIgniter.php(951): App\Controllers\Admin\Usuarios->editar()
 6 SYSTEMPATH/CodeIgniter.php(497): CodeIgniter\CodeIgniter->runController()
 7 SYSTEMPATH/CodeIgniter.php(340): CodeIgniter\CodeIgniter->handleRequest()
 8 SYSTEMPATH/Boot.php(417): CodeIgniter\CodeIgniter->run()
 9 SYSTEMPATH/Boot.php(68): CodeIgniter\Boot::runCodeIgniter()
10 FCPATH/index.php(59): CodeIgniter\Boot::bootWeb()
11 SYSTEMPATH/rewrite.php(44): require_once('/home/vncs/Desktop/refebi-data/public/index.php')
DEBUG - 2026-04-20 19:47:16 --> Session: Class initialized using 'CodeIgniter\Session\Handlers\FileHandler' driver.
CRITICAL - 2026-04-20 19:47:16 --> Error: Call to undefined function form_open()
[Method: GET, Route: admin/usuarios/editar/1]
in APPPATH/Views/Admin/Usuarios/editar.php on line 29.
 1 SYSTEMPATH/View/View.php(240): include()
 2 SYSTEMPATH/View/View.php(243): CodeIgniter\View\View->CodeIgniter\View\{closure}()
 3 SYSTEMPATH/Common.php(1250): CodeIgniter\View\View->render()
 4 APPPATH/Controllers/Admin/Usuarios.php(75): view()
 5 SYSTEMPATH/CodeIgniter.php(951): App\Controllers\Admin\Usuarios->editar()
 6 SYSTEMPATH/CodeIgniter.php(497): CodeIgniter\CodeIgniter->runController()
 7 SYSTEMPATH/CodeIgniter.php(340): CodeIgniter\CodeIgniter->handleRequest()
 8 SYSTEMPATH/Boot.php(417): CodeIgniter\CodeIgniter->run()
 9 SYSTEMPATH/Boot.php(68): CodeIgniter\Boot::runCodeIgniter()
10 FCPATH/index.php(59): CodeIgniter\Boot::bootWeb()
11 SYSTEMPATH/rewrite.php(44): require_once('/home/vncs/Desktop/refebi-data/public/index.php')
DEBUG - 2026-04-20 19:47:17 --> Session: Class initialized using 'CodeIgniter\Session\Handlers\FileHandler' driver.
CRITICAL - 2026-04-20 19:47:17 --> Error: Call to undefined function form_open()
[Method: GET, Route: admin/usuarios/editar/1]
in APPPATH/Views/Admin/Usuarios/editar.php on line 29.
 1 SYSTEMPATH/View/View.php(240): include()
 2 SYSTEMPATH/View/View.php(243): CodeIgniter\View\View->CodeIgniter\View\{closure}()
 3 SYSTEMPATH/Common.php(1250): CodeIgniter\View\View->render()
 4 APPPATH/Controllers/Admin/Usuarios.php(75): view()
 5 SYSTEMPATH/CodeIgniter.php(951): App\Controllers\Admin\Usuarios->editar()
 6 SYSTEMPATH/CodeIgniter.php(497): CodeIgniter\CodeIgniter->runController()
 7 SYSTEMPATH/CodeIgniter.php(340): CodeIgniter\CodeIgniter->handleRequest()
 8 SYSTEMPATH/Boot.php(417): CodeIgniter\CodeIgniter->run()
 9 SYSTEMPATH/Boot.php(68): CodeIgniter\Boot::runCodeIgniter()
10 FCPATH/index.php(59): CodeIgniter\Boot::bootWeb()
11 SYSTEMPATH/rewrite.php(44): require_once('/home/vncs/Desktop/refebi-data/public/index.php')
DEBUG - 2026-04-20 19:47:30 --> Session: Class initialized using 'CodeIgniter\Session\Handlers\FileHandler' driver.
CRITICAL - 2026-04-20 19:47:30 --> Error: Call to undefined function form_open()
[Method: GET, Route: admin/usuarios/editar/1]
in APPPATH/Views/Admin/Usuarios/editar.php on line 29.
 1 SYSTEMPATH/View/View.php(240): include()
 2 SYSTEMPATH/View/View.php(243): CodeIgniter\View\View->CodeIgniter\View\{closure}()
 3 SYSTEMPATH/Common.php(1250): CodeIgniter\View\View->render()
 4 APPPATH/Controllers/Admin/Usuarios.php(75): view()
 5 SYSTEMPATH/CodeIgniter.php(951): App\Controllers\Admin\Usuarios->editar()
 6 SYSTEMPATH/CodeIgniter.php(497): CodeIgniter\CodeIgniter->runController()
 7 SYSTEMPATH/CodeIgniter.php(340): CodeIgniter\CodeIgniter->handleRequest()
 8 SYSTEMPATH/Boot.php(417): CodeIgniter\CodeIgniter->run()
 9 SYSTEMPATH/Boot.php(68): CodeIgniter\Boot::runCodeIgniter()
10 FCPATH/index.php(59): CodeIgniter\Boot::bootWeb()
11 SYSTEMPATH/rewrite.php(44): require_once('/home/vncs/Desktop/refebi-data/public/index.php')
DEBUG - 2026-04-20 19:47:31 --> Session: Class initialized using 'CodeIgniter\Session\Handlers\FileHandler' driver.
CRITICAL - 2026-04-20 19:47:31 --> Error: Call to undefined function form_open()
[Method: GET, Route: admin/usuarios/editar/1]
in APPPATH/Views/Admin/Usuarios/editar.php on line 29.
 1 SYSTEMPATH/View/View.php(240): include()
 2 SYSTEMPATH/View/View.php(243): CodeIgniter\View\View->CodeIgniter\View\{closure}()
 3 SYSTEMPATH/Common.php(1250): CodeIgniter\View\View->render()
 4 APPPATH/Controllers/Admin/Usuarios.php(75): view()
 5 SYSTEMPATH/CodeIgniter.php(951): App\Controllers\Admin\Usuarios->editar()
 6 SYSTEMPATH/CodeIgniter.php(497): CodeIgniter\CodeIgniter->runController()
 7 SYSTEMPATH/CodeIgniter.php(340): CodeIgniter\CodeIgniter->handleRequest()
 8 SYSTEMPATH/Boot.php(417): CodeIgniter\CodeIgniter->run()
 9 SYSTEMPATH/Boot.php(68): CodeIgniter\Boot::runCodeIgniter()
10 FCPATH/index.php(59): CodeIgniter\Boot::bootWeb()
11 SYSTEMPATH/rewrite.php(44): require_once('/home/vncs/Desktop/refebi-data/public/index.php')
DEBUG - 2026-04-20 19:47:32 --> Session: Class initialized using 'CodeIgniter\Session\Handlers\FileHandler' driver.
CRITICAL - 2026-04-20 19:47:32 --> Error: Call to undefined function form_open()
[Method: GET, Route: admin/usuarios/editar/1]
in APPPATH/Views/Admin/Usuarios/editar.php on line 29.
 1 SYSTEMPATH/View/View.php(240): include()
 2 SYSTEMPATH/View/View.php(243): CodeIgniter\View\View->CodeIgniter\View\{closure}()
 3 SYSTEMPATH/Common.php(1250): CodeIgniter\View\View->render()
 4 APPPATH/Controllers/Admin/Usuarios.php(75): view()
 5 SYSTEMPATH/CodeIgniter.php(951): App\Controllers\Admin\Usuarios->editar()
 6 SYSTEMPATH/CodeIgniter.php(497): CodeIgniter\CodeIgniter->runController()
 7 SYSTEMPATH/CodeIgniter.php(340): CodeIgniter\CodeIgniter->handleRequest()
 8 SYSTEMPATH/Boot.php(417): CodeIgniter\CodeIgniter->run()
 9 SYSTEMPATH/Boot.php(68): CodeIgniter\Boot::runCodeIgniter()
10 FCPATH/index.php(59): CodeIgniter\Boot::bootWeb()
11 SYSTEMPATH/rewrite.php(44): require_once('/home/vncs/Desktop/refebi-data/public/index.php')
DEBUG - 2026-04-20 19:48:46 --> Session: Class initialized using 'CodeIgniter\Session\Handlers\FileHandler' driver.
CRITICAL - 2026-04-20 19:48:46 --> Error: Call to undefined function form_open()
[Method: GET, Route: admin/usuarios/editar/1]
in APPPATH/Views/Admin/Usuarios/editar.php on line 29.
 1 SYSTEMPATH/View/View.php(240): include()
 2 SYSTEMPATH/View/View.php(243): CodeIgniter\View\View->CodeIgniter\View\{closure}()
 3 SYSTEMPATH/Common.php(1250): CodeIgniter\View\View->render()
 4 APPPATH/Controllers/Admin/Usuarios.php(75): view()
 5 SYSTEMPATH/CodeIgniter.php(951): App\Controllers\Admin\Usuarios->editar()
 6 SYSTEMPATH/CodeIgniter.php(497): CodeIgniter\CodeIgniter->runController()
 7 SYSTEMPATH/CodeIgniter.php(340): CodeIgniter\CodeIgniter->handleRequest()
 8 SYSTEMPATH/Boot.php(417): CodeIgniter\CodeIgniter->run()
 9 SYSTEMPATH/Boot.php(68): CodeIgniter\Boot::runCodeIgniter()
10 FCPATH/index.php(59): CodeIgniter\Boot::bootWeb()
11 SYSTEMPATH/rewrite.php(44): require_once('/home/vncs/Desktop/refebi-data/public/index.php')
DEBUG - 2026-04-20 19:48:47 --> Session: Class initialized using 'CodeIgniter\Session\Handlers\FileHandler' driver.
CRITICAL - 2026-04-20 19:48:47 --> Error: Call to undefined function form_open()
[Method: GET, Route: admin/usuarios/editar/1]
in APPPATH/Views/Admin/Usuarios/editar.php on line 29.
 1 SYSTEMPATH/View/View.php(240): include()
 2 SYSTEMPATH/View/View.php(243): CodeIgniter\View\View->CodeIgniter\View\{closure}()
 3 SYSTEMPATH/Common.php(1250): CodeIgniter\View\View->render()
 4 APPPATH/Controllers/Admin/Usuarios.php(75): view()
 5 SYSTEMPATH/CodeIgniter.php(951): App\Controllers\Admin\Usuarios->editar()
 6 SYSTEMPATH/CodeIgniter.php(497): CodeIgniter\CodeIgniter->runController()
 7 SYSTEMPATH/CodeIgniter.php(340): CodeIgniter\CodeIgniter->handleRequest()
 8 SYSTEMPATH/Boot.php(417): CodeIgniter\CodeIgniter->run()
 9 SYSTEMPATH/Boot.php(68): CodeIgniter\Boot::runCodeIgniter()
10 FCPATH/index.php(59): CodeIgniter\Boot::bootWeb()
11 SYSTEMPATH/rewrite.php(44): require_once('/home/vncs/Desktop/refebi-data/public/index.php')
DEBUG - 2026-04-20 19:48:48 --> Session: Class initialized using 'CodeIgniter\Session\Handlers\FileHandler' driver.
CRITICAL - 2026-04-20 19:48:48 --> Error: Call to undefined function form_open()
[Method: GET, Route: admin/usuarios/editar/1]
in APPPATH/Views/Admin/Usuarios/editar.php on line 29.
 1 SYSTEMPATH/View/View.php(240): include()
 2 SYSTEMPATH/View/View.php(243): CodeIgniter\View\View->CodeIgniter\View\{closure}()
 3 SYSTEMPATH/Common.php(1250): CodeIgniter\View\View->render()
 4 APPPATH/Controllers/Admin/Usuarios.php(75): view()
 5 SYSTEMPATH/CodeIgniter.php(951): App\Controllers\Admin\Usuarios->editar()
 6 SYSTEMPATH/CodeIgniter.php(497): CodeIgniter\CodeIgniter->runController()
 7 SYSTEMPATH/CodeIgniter.php(340): CodeIgniter\CodeIgniter->handleRequest()
 8 SYSTEMPATH/Boot.php(417): CodeIgniter\CodeIgniter->run()
 9 SYSTEMPATH/Boot.php(68): CodeIgniter\Boot::runCodeIgniter()
10 FCPATH/index.php(59): CodeIgniter\Boot::bootWeb()
11 SYSTEMPATH/rewrite.php(44): require_once('/home/vncs/Desktop/refebi-data/public/index.php')
DEBUG - 2026-04-20 19:49:22 --> Session: Class initialized using 'CodeIgniter\Session\Handlers\FileHandler' driver.
CRITICAL - 2026-04-20 19:49:22 --> Error: Call to undefined function form_open()
[Method: GET, Route: admin/usuarios/editar/1]
in APPPATH/Views/Admin/Usuarios/editar.php on line 29.
 1 SYSTEMPATH/View/View.php(240): include()
 2 SYSTEMPATH/View/View.php(243): CodeIgniter\View\View->CodeIgniter\View\{closure}()
 3 SYSTEMPATH/Common.php(1250): CodeIgniter\View\View->render()
 4 APPPATH/Controllers/Admin/Usuarios.php(75): view()
 5 SYSTEMPATH/CodeIgniter.php(951): App\Controllers\Admin\Usuarios->editar()
 6 SYSTEMPATH/CodeIgniter.php(497): CodeIgniter\CodeIgniter->runController()
 7 SYSTEMPATH/CodeIgniter.php(340): CodeIgniter\CodeIgniter->handleRequest()
 8 SYSTEMPATH/Boot.php(417): CodeIgniter\CodeIgniter->run()
 9 SYSTEMPATH/Boot.php(68): CodeIgniter\Boot::runCodeIgniter()
10 FCPATH/index.php(59): CodeIgniter\Boot::bootWeb()
11 SYSTEMPATH/rewrite.php(44): require_once('/home/vncs/Desktop/refebi-data/public/index.php')
DEBUG - 2026-04-20 19:49:31 --> Session: Class initialized using 'CodeIgniter\Session\Handlers\FileHandler' driver.
CRITICAL - 2026-04-20 19:49:31 --> Error: Call to undefined function form_open()
[Method: GET, Route: admin/usuarios/editar/1]
in APPPATH/Views/Admin/Usuarios/editar.php on line 29.
 1 SYSTEMPATH/View/View.php(240): include()
 2 SYSTEMPATH/View/View.php(243): CodeIgniter\View\View->CodeIgniter\View\{closure}()
 3 SYSTEMPATH/Common.php(1250): CodeIgniter\View\View->render()
 4 APPPATH/Controllers/Admin/Usuarios.php(75): view()
 5 SYSTEMPATH/CodeIgniter.php(951): App\Controllers\Admin\Usuarios->editar()
 6 SYSTEMPATH/CodeIgniter.php(497): CodeIgniter\CodeIgniter->runController()
 7 SYSTEMPATH/CodeIgniter.php(340): CodeIgniter\CodeIgniter->handleRequest()
 8 SYSTEMPATH/Boot.php(417): CodeIgniter\CodeIgniter->run()
 9 SYSTEMPATH/Boot.php(68): CodeIgniter\Boot::runCodeIgniter()
10 FCPATH/index.php(59): CodeIgniter\Boot::bootWeb()
11 SYSTEMPATH/rewrite.php(44): require_once('/home/vncs/Desktop/refebi-data/public/index.php')
DEBUG - 2026-04-20 19:50:24 --> Session: Class initialized using 'CodeIgniter\Session\Handlers\FileHandler' driver.
CRITICAL - 2026-04-20 19:50:24 --> ParseError: syntax error, unexpected token "endif", expecting end of file
[Method: GET, Route: admin/usuarios/editar/1]
in APPPATH/Views/Admin/Usuarios/form.php on line 58.
 1 SYSTEMPATH/View/View.php(243): CodeIgniter\View\View->CodeIgniter\View\{closure}()
 2 SYSTEMPATH/View/View.php(489): CodeIgniter\View\View->render()
 3 APPPATH/Views/Admin/Usuarios/editar.php(30): CodeIgniter\View\View->include()
 4 SYSTEMPATH/View/View.php(240): include('/home/vncs/Desktop/refebi-data/app/Views/Admin/Usuarios/editar.php')
 5 SYSTEMPATH/View/View.php(243): CodeIgniter\View\View->CodeIgniter\View\{closure}()
 6 SYSTEMPATH/Common.php(1250): CodeIgniter\View\View->render()
 7 APPPATH/Controllers/Admin/Usuarios.php(75): view()
 8 SYSTEMPATH/CodeIgniter.php(951): App\Controllers\Admin\Usuarios->editar()
 9 SYSTEMPATH/CodeIgniter.php(497): CodeIgniter\CodeIgniter->runController()
10 SYSTEMPATH/CodeIgniter.php(340): CodeIgniter\CodeIgniter->handleRequest()
11 SYSTEMPATH/Boot.php(417): CodeIgniter\CodeIgniter->run()
12 SYSTEMPATH/Boot.php(68): CodeIgniter\Boot::runCodeIgniter()
13 FCPATH/index.php(59): CodeIgniter\Boot::bootWeb()
14 SYSTEMPATH/rewrite.php(44): require_once('/home/vncs/Desktop/refebi-data/public/index.php')
DEBUG - 2026-04-20 19:50:25 --> Session: Class initialized using 'CodeIgniter\Session\Handlers\FileHandler' driver.
CRITICAL - 2026-04-20 19:50:25 --> ParseError: syntax error, unexpected token "endif", expecting end of file
[Method: GET, Route: admin/usuarios/editar/1]
in APPPATH/Views/Admin/Usuarios/form.php on line 58.
 1 SYSTEMPATH/View/View.php(243): CodeIgniter\View\View->CodeIgniter\View\{closure}()
 2 SYSTEMPATH/View/View.php(489): CodeIgniter\View\View->render()
 3 APPPATH/Views/Admin/Usuarios/editar.php(30): CodeIgniter\View\View->include()
 4 SYSTEMPATH/View/View.php(240): include('/home/vncs/Desktop/refebi-data/app/Views/Admin/Usuarios/editar.php')
 5 SYSTEMPATH/View/View.php(243): CodeIgniter\View\View->CodeIgniter\View\{closure}()
 6 SYSTEMPATH/Common.php(1250): CodeIgniter\View\View->render()
 7 APPPATH/Controllers/Admin/Usuarios.php(75): view()
 8 SYSTEMPATH/CodeIgniter.php(951): App\Controllers\Admin\Usuarios->editar()
 9 SYSTEMPATH/CodeIgniter.php(497): CodeIgniter\CodeIgniter->runController()
10 SYSTEMPATH/CodeIgniter.php(340): CodeIgniter\CodeIgniter->handleRequest()
11 SYSTEMPATH/Boot.php(417): CodeIgniter\CodeIgniter->run()
12 SYSTEMPATH/Boot.php(68): CodeIgniter\Boot::runCodeIgniter()
13 FCPATH/index.php(59): CodeIgniter\Boot::bootWeb()
14 SYSTEMPATH/rewrite.php(44): require_once('/home/vncs/Desktop/refebi-data/public/index.php')
DEBUG - 2026-04-20 19:50:46 --> Session: Class initialized using 'CodeIgniter\Session\Handlers\FileHandler' driver.
CRITICAL - 2026-04-20 19:50:46 --> Error: Call to undefined function form_open()
[Method: GET, Route: admin/usuarios/editar/1]
in APPPATH/Views/Admin/Usuarios/editar.php on line 29.
 1 SYSTEMPATH/View/View.php(240): include()
 2 SYSTEMPATH/View/View.php(243): CodeIgniter\View\View->CodeIgniter\View\{closure}()
 3 SYSTEMPATH/Common.php(1250): CodeIgniter\View\View->render()
 4 APPPATH/Controllers/Admin/Usuarios.php(75): view()
 5 SYSTEMPATH/CodeIgniter.php(951): App\Controllers\Admin\Usuarios->editar()
 6 SYSTEMPATH/CodeIgniter.php(497): CodeIgniter\CodeIgniter->runController()
 7 SYSTEMPATH/CodeIgniter.php(340): CodeIgniter\CodeIgniter->handleRequest()
 8 SYSTEMPATH/Boot.php(417): CodeIgniter\CodeIgniter->run()
 9 SYSTEMPATH/Boot.php(68): CodeIgniter\Boot::runCodeIgniter()
10 FCPATH/index.php(59): CodeIgniter\Boot::bootWeb()
11 SYSTEMPATH/rewrite.php(44): require_once('/home/vncs/Desktop/refebi-data/public/index.php')
DEBUG - 2026-04-20 19:55:53 --> Session: Class initialized using 'CodeIgniter\Session\Handlers\FileHandler' driver.
CRITICAL - 2026-04-20 19:55:53 --> Error: Call to undefined function form_open()
[Method: GET, Route: admin/usuarios/editar/1]
in APPPATH/Views/Admin/Usuarios/editar.php on line 29.
 1 SYSTEMPATH/View/View.php(240): include()
 2 SYSTEMPATH/View/View.php(243): CodeIgniter\View\View->CodeIgniter\View\{closure}()
 3 SYSTEMPATH/Common.php(1250): CodeIgniter\View\View->render()
 4 APPPATH/Controllers/Admin/Usuarios.php(75): view()
 5 SYSTEMPATH/CodeIgniter.php(951): App\Controllers\Admin\Usuarios->editar()
 6 SYSTEMPATH/CodeIgniter.php(497): CodeIgniter\CodeIgniter->runController()
 7 SYSTEMPATH/CodeIgniter.php(340): CodeIgniter\CodeIgniter->handleRequest()
 8 SYSTEMPATH/Boot.php(417): CodeIgniter\CodeIgniter->run()
 9 SYSTEMPATH/Boot.php(68): CodeIgniter\Boot::runCodeIgniter()
10 FCPATH/index.php(59): CodeIgniter\Boot::bootWeb()
11 SYSTEMPATH/rewrite.php(44): require_once('/home/vncs/Desktop/refebi-data/public/index.php')
DEBUG - 2026-04-20 19:58:09 --> Session: Class initialized using 'CodeIgniter\Session\Handlers\FileHandler' driver.
CRITICAL - 2026-04-20 19:58:09 --> Error: Call to undefined function form_open()
[Method: GET, Route: admin/usuarios/editar/1]
in APPPATH/Views/Admin/Usuarios/editar.php on line 29.
 1 SYSTEMPATH/View/View.php(240): include()
 2 SYSTEMPATH/View/View.php(243): CodeIgniter\View\View->CodeIgniter\View\{closure}()
 3 SYSTEMPATH/Common.php(1250): CodeIgniter\View\View->render()
 4 APPPATH/Controllers/Admin/Usuarios.php(75): view()
 5 SYSTEMPATH/CodeIgniter.php(951): App\Controllers\Admin\Usuarios->editar()
 6 SYSTEMPATH/CodeIgniter.php(497): CodeIgniter\CodeIgniter->runController()
 7 SYSTEMPATH/CodeIgniter.php(340): CodeIgniter\CodeIgniter->handleRequest()
 8 SYSTEMPATH/Boot.php(417): CodeIgniter\CodeIgniter->run()
 9 SYSTEMPATH/Boot.php(68): CodeIgniter\Boot::runCodeIgniter()
10 FCPATH/index.php(59): CodeIgniter\Boot::bootWeb()
11 SYSTEMPATH/rewrite.php(44): require_once('/home/vncs/Desktop/refebi-data/public/index.php')
DEBUG - 2026-04-20 19:58:10 --> Session: Class initialized using 'CodeIgniter\Session\Handlers\FileHandler' driver.
CRITICAL - 2026-04-20 19:58:10 --> Error: Call to undefined function form_open()
[Method: GET, Route: admin/usuarios/editar/1]
in APPPATH/Views/Admin/Usuarios/editar.php on line 29.
 1 SYSTEMPATH/View/View.php(240): include()
 2 SYSTEMPATH/View/View.php(243): CodeIgniter\View\View->CodeIgniter\View\{closure}()
 3 SYSTEMPATH/Common.php(1250): CodeIgniter\View\View->render()
 4 APPPATH/Controllers/Admin/Usuarios.php(75): view()
 5 SYSTEMPATH/CodeIgniter.php(951): App\Controllers\Admin\Usuarios->editar()
 6 SYSTEMPATH/CodeIgniter.php(497): CodeIgniter\CodeIgniter->runController()
 7 SYSTEMPATH/CodeIgniter.php(340): CodeIgniter\CodeIgniter->handleRequest()
 8 SYSTEMPATH/Boot.php(417): CodeIgniter\CodeIgniter->run()
 9 SYSTEMPATH/Boot.php(68): CodeIgniter\Boot::runCodeIgniter()
10 FCPATH/index.php(59): CodeIgniter\Boot::bootWeb()
11 SYSTEMPATH/rewrite.php(44): require_once('/home/vncs/Desktop/refebi-data/public/index.php')
DEBUG - 2026-04-20 19:58:11 --> Session: Class initialized using 'CodeIgniter\Session\Handlers\FileHandler' driver.
CRITICAL - 2026-04-20 19:58:11 --> Error: Call to undefined function form_open()
[Method: GET, Route: admin/usuarios/editar/1]
in APPPATH/Views/Admin/Usuarios/editar.php on line 29.
 1 SYSTEMPATH/View/View.php(240): include()
 2 SYSTEMPATH/View/View.php(243): CodeIgniter\View\View->CodeIgniter\View\{closure}()
 3 SYSTEMPATH/Common.php(1250): CodeIgniter\View\View->render()
 4 APPPATH/Controllers/Admin/Usuarios.php(75): view()
 5 SYSTEMPATH/CodeIgniter.php(951): App\Controllers\Admin\Usuarios->editar()
 6 SYSTEMPATH/CodeIgniter.php(497): CodeIgniter\CodeIgniter->runController()
 7 SYSTEMPATH/CodeIgniter.php(340): CodeIgniter\CodeIgniter->handleRequest()
 8 SYSTEMPATH/Boot.php(417): CodeIgniter\CodeIgniter->run()
 9 SYSTEMPATH/Boot.php(68): CodeIgniter\Boot::runCodeIgniter()
10 FCPATH/index.php(59): CodeIgniter\Boot::bootWeb()
11 SYSTEMPATH/rewrite.php(44): require_once('/home/vncs/Desktop/refebi-data/public/index.php')
DEBUG - 2026-04-20 19:58:40 --> Session: Class initialized using 'CodeIgniter\Session\Handlers\FileHandler' driver.
CRITICAL - 2026-04-20 19:58:40 --> Error: Call to undefined function form_open()
[Method: GET, Route: admin/usuarios/editar/1]
in APPPATH/Views/Admin/Usuarios/editar.php on line 29.
 1 SYSTEMPATH/View/View.php(240): include()
 2 SYSTEMPATH/View/View.php(243): CodeIgniter\View\View->CodeIgniter\View\{closure}()
 3 SYSTEMPATH/Common.php(1250): CodeIgniter\View\View->render()
 4 APPPATH/Controllers/Admin/Usuarios.php(75): view()
 5 SYSTEMPATH/CodeIgniter.php(951): App\Controllers\Admin\Usuarios->editar()
 6 SYSTEMPATH/CodeIgniter.php(497): CodeIgniter\CodeIgniter->runController()
 7 SYSTEMPATH/CodeIgniter.php(340): CodeIgniter\CodeIgniter->handleRequest()
 8 SYSTEMPATH/Boot.php(417): CodeIgniter\CodeIgniter->run()
 9 SYSTEMPATH/Boot.php(68): CodeIgniter\Boot::runCodeIgniter()
10 FCPATH/index.php(59): CodeIgniter\Boot::bootWeb()
11 SYSTEMPATH/rewrite.php(44): require_once('/home/vncs/Desktop/refebi-data/public/index.php')
DEBUG - 2026-04-20 19:59:38 --> Session: Class initialized using 'CodeIgniter\Session\Handlers\FileHandler' driver.
CRITICAL - 2026-04-20 19:59:38 --> ParseError: syntax error, unexpected end of file, expecting "elseif" or "else" or "endif"
[Method: GET, Route: admin/usuarios/editar/1]
in APPPATH/Views/Admin/Usuarios/form.php on line 67.
 1 SYSTEMPATH/View/View.php(243): CodeIgniter\View\View->CodeIgniter\View\{closure}()
 2 SYSTEMPATH/View/View.php(489): CodeIgniter\View\View->render()
 3 APPPATH/Views/Admin/Usuarios/editar.php(31): CodeIgniter\View\View->include()
 4 SYSTEMPATH/View/View.php(240): include('/home/vncs/Desktop/refebi-data/app/Views/Admin/Usuarios/editar.php')
 5 SYSTEMPATH/View/View.php(243): CodeIgniter\View\View->CodeIgniter\View\{closure}()
 6 SYSTEMPATH/Common.php(1250): CodeIgniter\View\View->render()
 7 APPPATH/Controllers/Admin/Usuarios.php(75): view()
 8 SYSTEMPATH/CodeIgniter.php(951): App\Controllers\Admin\Usuarios->editar()
 9 SYSTEMPATH/CodeIgniter.php(497): CodeIgniter\CodeIgniter->runController()
10 SYSTEMPATH/CodeIgniter.php(340): CodeIgniter\CodeIgniter->handleRequest()
11 SYSTEMPATH/Boot.php(417): CodeIgniter\CodeIgniter->run()
12 SYSTEMPATH/Boot.php(68): CodeIgniter\Boot::runCodeIgniter()
13 FCPATH/index.php(59): CodeIgniter\Boot::bootWeb()
14 SYSTEMPATH/rewrite.php(44): require_once('/home/vncs/Desktop/refebi-data/public/index.php')
DEBUG - 2026-04-20 19:59:39 --> Session: Class initialized using 'CodeIgniter\Session\Handlers\FileHandler' driver.
CRITICAL - 2026-04-20 19:59:39 --> ParseError: syntax error, unexpected end of file, expecting "elseif" or "else" or "endif"
[Method: GET, Route: admin/usuarios/editar/1]
in APPPATH/Views/Admin/Usuarios/form.php on line 67.
 1 SYSTEMPATH/View/View.php(243): CodeIgniter\View\View->CodeIgniter\View\{closure}()
 2 SYSTEMPATH/View/View.php(489): CodeIgniter\View\View->render()
 3 APPPATH/Views/Admin/Usuarios/editar.php(31): CodeIgniter\View\View->include()
 4 SYSTEMPATH/View/View.php(240): include('/home/vncs/Desktop/refebi-data/app/Views/Admin/Usuarios/editar.php')
 5 SYSTEMPATH/View/View.php(243): CodeIgniter\View\View->CodeIgniter\View\{closure}()
 6 SYSTEMPATH/Common.php(1250): CodeIgniter\View\View->render()
 7 APPPATH/Controllers/Admin/Usuarios.php(75): view()
 8 SYSTEMPATH/CodeIgniter.php(951): App\Controllers\Admin\Usuarios->editar()
 9 SYSTEMPATH/CodeIgniter.php(497): CodeIgniter\CodeIgniter->runController()
10 SYSTEMPATH/CodeIgniter.php(340): CodeIgniter\CodeIgniter->handleRequest()
11 SYSTEMPATH/Boot.php(417): CodeIgniter\CodeIgniter->run()
12 SYSTEMPATH/Boot.php(68): CodeIgniter\Boot::runCodeIgniter()
13 FCPATH/index.php(59): CodeIgniter\Boot::bootWeb()
14 SYSTEMPATH/rewrite.php(44): require_once('/home/vncs/Desktop/refebi-data/public/index.php')
DEBUG - 2026-04-20 19:59:40 --> Session: Class initialized using 'CodeIgniter\Session\Handlers\FileHandler' driver.
CRITICAL - 2026-04-20 19:59:40 --> ParseError: syntax error, unexpected end of file, expecting "elseif" or "else" or "endif"
[Method: GET, Route: admin/usuarios/editar/1]
in APPPATH/Views/Admin/Usuarios/form.php on line 67.
 1 SYSTEMPATH/View/View.php(243): CodeIgniter\View\View->CodeIgniter\View\{closure}()
 2 SYSTEMPATH/View/View.php(489): CodeIgniter\View\View->render()
 3 APPPATH/Views/Admin/Usuarios/editar.php(31): CodeIgniter\View\View->include()
 4 SYSTEMPATH/View/View.php(240): include('/home/vncs/Desktop/refebi-data/app/Views/Admin/Usuarios/editar.php')
 5 SYSTEMPATH/View/View.php(243): CodeIgniter\View\View->CodeIgniter\View\{closure}()
 6 SYSTEMPATH/Common.php(1250): CodeIgniter\View\View->render()
 7 APPPATH/Controllers/Admin/Usuarios.php(75): view()
 8 SYSTEMPATH/CodeIgniter.php(951): App\Controllers\Admin\Usuarios->editar()
 9 SYSTEMPATH/CodeIgniter.php(497): CodeIgniter\CodeIgniter->runController()
10 SYSTEMPATH/CodeIgniter.php(340): CodeIgniter\CodeIgniter->handleRequest()
11 SYSTEMPATH/Boot.php(417): CodeIgniter\CodeIgniter->run()
12 SYSTEMPATH/Boot.php(68): CodeIgniter\Boot::runCodeIgniter()
13 FCPATH/index.php(59): CodeIgniter\Boot::bootWeb()
14 SYSTEMPATH/rewrite.php(44): require_once('/home/vncs/Desktop/refebi-data/public/index.php')
DEBUG - 2026-04-20 20:00:19 --> Session: Class initialized using 'CodeIgniter\Session\Handlers\FileHandler' driver.
CRITICAL - 2026-04-20 20:00:19 --> Error: Call to undefined function usuario_logado()
[Method: GET, Route: admin/usuarios/editar/1]
in APPPATH/Views/Admin/Usuarios/form.php on line 38.
 1 SYSTEMPATH/View/View.php(240): include()
 2 SYSTEMPATH/View/View.php(243): CodeIgniter\View\View->CodeIgniter\View\{closure}()
 3 SYSTEMPATH/View/View.php(489): CodeIgniter\View\View->render()
 4 APPPATH/Views/Admin/Usuarios/editar.php(31): CodeIgniter\View\View->include()
 5 SYSTEMPATH/View/View.php(240): include('/home/vncs/Desktop/refebi-data/app/Views/Admin/Usuarios/editar.php')
 6 SYSTEMPATH/View/View.php(243): CodeIgniter\View\View->CodeIgniter\View\{closure}()
 7 SYSTEMPATH/Common.php(1250): CodeIgniter\View\View->render()
 8 APPPATH/Controllers/Admin/Usuarios.php(75): view()
 9 SYSTEMPATH/CodeIgniter.php(951): App\Controllers\Admin\Usuarios->editar()
10 SYSTEMPATH/CodeIgniter.php(497): CodeIgniter\CodeIgniter->runController()
11 SYSTEMPATH/CodeIgniter.php(340): CodeIgniter\CodeIgniter->handleRequest()
12 SYSTEMPATH/Boot.php(417): CodeIgniter\CodeIgniter->run()
13 SYSTEMPATH/Boot.php(68): CodeIgniter\Boot::runCodeIgniter()
14 FCPATH/index.php(59): CodeIgniter\Boot::bootWeb()
15 SYSTEMPATH/rewrite.php(44): require_once('/home/vncs/Desktop/refebi-data/public/index.php')
DEBUG - 2026-04-20 20:03:20 --> Session: Class initialized using 'CodeIgniter\Session\Handlers\FileHandler' driver.
DEBUG - 2026-04-20 20:04:01 --> Session: Class initialized using 'CodeIgniter\Session\Handlers\FileHandler' driver.
DEBUG - 2026-04-20 20:04:02 --> Session: Class initialized using 'CodeIgniter\Session\Handlers\FileHandler' driver.
DEBUG - 2026-04-20 20:04:12 --> Session: Class initialized using 'CodeIgniter\Session\Handlers\FileHandler' driver.
DEBUG - 2026-04-20 20:04:35 --> Session: Class initialized using 'CodeIgniter\Session\Handlers\FileHandler' driver.
DEBUG - 2026-04-20 20:10:28 --> Session: Class initialized using 'CodeIgniter\Session\Handlers\FileHandler' driver.
DEBUG - 2026-04-20 20:10:32 --> Session: Class initialized using 'CodeIgniter\Session\Handlers\FileHandler' driver.
